#
# A fatal error has been detected by the Java Runtime Environment:
#
#  EXCEPTION_ACCESS_VIOLATION (0xc0000005) at pc=0x00007ff9bdfc9a7d, pid=6708, tid=10236
#
# JRE version: Java(TM) SE Runtime Environment (17.0.2+8) (build 17.0.2+8-LTS-86)
# Java VM: Java HotSpot(TM) 64-Bit Server VM (17.0.2+8-LTS-86, mixed mode, sharing, tiered, compressed oops, compressed class ptrs, g1 gc, windows-amd64)
# Problematic frame:
# C  [ntdll.dll+0x39a7d]
#
# No core dump will be written. Minidumps are not enabled by default on client versions of Windows
#
# If you would like to submit a bug report, please visit:
#   https://bugreport.java.com/bugreport/crash.jsp
#

---------------  S U M M A R Y ------------

Command Line: -XX:HeapDumpPath=MojangTricksIntelDriversForPerformance_javaw.exe_minecraft.exe.heapdump -Xms204m -Xmx5120m -Duser.language=en -Djava.library.path=C:/MultiMC/instances/1.19.21/natives org.multimc.EntryPoint

Host: Intel(R) Core(TM) i3-4130 CPU @ 3.40GHz, 4 cores, 7G,  Windows 11 , 64 bit Build 22621 (10.0.22621.963)
Time: Mon Jan  2 14:08:34 2023 RTZ 2 (s 11 , 64 bit Build 22621 (10.0.22621.963) elapsed time: 46.970915 seconds (0d 0h 0m 46s)

---------------  T H R E A D  ---------------

Current thread (0x000001bd77b6b160):  JavaThread "C2 CompilerThread0" daemon [_thread_in_native, id=10236, stack(0x000000bba0600000,0x000000bba0700000)]


Current CompileTask:
C2:  46971 12509   !   4       java.util.WeakHashMap::expungeStaleEntries (139 bytes)

Stack: [0x000000bba0600000,0x000000bba0700000],  sp=0x000000bba06fb6f0,  free space=1005k
Native frames: (J=compiled Java code, j=interpreted, Vv=VM code, C=native code)
C  [ntdll.dll+0x39a7d]
C  [ntdll.dll+0x3c514]
C  [ntdll.dll+0x3b1e1]
C  [ucrtbase.dll+0x137eb]
V  [jvm.dll+0xaa839]
V  [jvm.dll+0xaad51]
V  [jvm.dll+0x1b9b1d]
V  [jvm.dll+0x215de9]
V  [jvm.dll+0x2150b1]
V  [jvm.dll+0x1a1bbd]
V  [jvm.dll+0x224908]
V  [jvm.dll+0x222a6c]
V  [jvm.dll+0x7859bb]
V  [jvm.dll+0x77ff7a]
V  [jvm.dll+0x66fa35]
C  [ucrtbase.dll+0x29363]
C  [KERNEL32.DLL+0x126bd]
C  [ntdll.dll+0x5dfb8]


siginfo: EXCEPTION_ACCESS_VIOLATION (0xc0000005), reading address 0x0000000000000000


Register to memory mapping:

RIP=0x00007ff9bdfc9a7d ntdll.dll
RAX=0x00000000009a0001 is an unknown value
RBX=0x000001bd50eb0000 points into unknown readable memory: 0x0000000000000000 | 00 00 00 00 00 00 00 00
RCX=0x000001bd50eb00c0 points into unknown readable memory: 0x00000000000b9bbf | bf 9b 0b 00 00 00 00 00
RDX=0x000001bd50eb0138 points into unknown readable memory: 0x000001bd50eb02e8 | e8 02 eb 50 bd 01 00 00
RSP=0x000000bba06fb6f0 is pointing into the stack for thread: 0x000001bd77b6b160
RBP=0x000001bd7e3a0870 points into unknown readable memory: 0x3ff0383a8d35e3f8 | f8 e3 35 8d 3a 38 f0 3f
RSI=0x000001bd7e37ba70 points into unknown readable memory: 0x001022e000000002 | 02 00 00 00 e0 22 10 00
RDI=0x0 is NULL
R8 =0x000001bd7e3aa120 points into unknown readable memory: 0x0000000000000000 | 00 00 00 00 00 00 00 00
R9 =0x000001bd7e37ba80 points into unknown readable memory: 0x000001bd7f781c30 | 30 1c 78 7f bd 01 00 00
R10=0x000001bd50eb0000 points into unknown readable memory: 0x0000000000000000 | 00 00 00 00 00 00 00 00
R11=0x000001bd7cb1a440 points into unknown readable memory: 0x000001bd7c3e0fc0 | c0 0f 3e 7c bd 01 00 00
R12=0x0 is NULL
R13=0x000001bd50eb0000 points into unknown readable memory: 0x0000000000000000 | 00 00 00 00 00 00 00 00
R14=0x000001bd7e3aa110 points into unknown readable memory: 0x0000000000000000 | 00 00 00 00 00 00 00 00
R15=0x0 is NULL


Registers:
RAX=0x00000000009a0001, RBX=0x000001bd50eb0000, RCX=0x000001bd50eb00c0, RDX=0x000001bd50eb0138
RSP=0x000000bba06fb6f0, RBP=0x000001bd7e3a0870, RSI=0x000001bd7e37ba70, RDI=0x0000000000000000
R8 =0x000001bd7e3aa120, R9 =0x000001bd7e37ba80, R10=0x000001bd50eb0000, R11=0x000001bd7cb1a440
R12=0x0000000000000000, R13=0x000001bd50eb0000, R14=0x000001bd7e3aa110, R15=0x0000000000000000
RIP=0x00007ff9bdfc9a7d, EFLAGS=0x0000000000010246

Top of Stack: (sp=0x000000bba06fb6f0)
0x000000bba06fb6f0:   000001bd50eb0000 000001bd7e3a0870
0x000000bba06fb700:   000001bd7e3a0870 000001bd7e37ba70
0x000000bba06fb710:   000001bd000003ff 00000000000024e0
0x000000bba06fb720:   0000035a00000000 000001bd7bb613e0
0x000000bba06fb730:   00000000a06fbb01 0000000000000001
0x000000bba06fb740:   000001bd7bb61300 0000000000002e6a
0x000000bba06fb750:   0000000100000000 000001bd7bb613e0
0x000000bba06fb760:   00000000000003ff 00007ff96d71ff10
0x000000bba06fb770:   0000000000000000 000001bd7e38bdc0
0x000000bba06fb780:   000000bba06fba30 00007ff96d46a6a5
0x000000bba06fb790:   000000bba06fbba0 000001bd7e37ba70
0x000000bba06fb7a0:   000001bd78dea830 000001bd78deac08
0x000000bba06fb7b0:   0000000000000076 00000000000060e0
0x000000bba06fb7c0:   0000035a00000000 000001bd7bb613e0
0x000000bba06fb7d0:   000000bba06fbba0 000000000000001b
0x000000bba06fb7e0:   00007ff96deab408 000000bba06fb8e0 

Instructions: (pc=0x00007ff9bdfc9a7d)
0x00007ff9bdfc997d:   43 70 80 0f 85 cd 01 00 00 45 32 ed 44 88 6c 24
0x00007ff9bdfc998d:   50 48 89 b4 24 a8 00 00 00 0f b7 4e 0c 0f b7 83
0x00007ff9bdfc999d:   8c 00 00 00 48 33 c8 48 c1 e1 04 48 8b fe 48 2b
0x00007ff9bdfc99ad:   f9 48 3b fe 74 19 8b 4b 7c 8b c1 c1 e8 14 22 83
0x00007ff9bdfc99bd:   8a 00 00 00 32 47 0a a8 01 0f 84 81 04 00 00 4d
0x00007ff9bdfc99cd:   8b f0 49 c1 e6 04 4c 03 f6 83 7b 7c 00 74 38 41
0x00007ff9bdfc99dd:   8b 7e 08 89 bc 24 08 01 00 00 33 bb 88 00 00 00
0x00007ff9bdfc99ed:   89 bc 24 08 01 00 00 8b d7 c1 ea 10 8b c7 c1 e8
0x00007ff9bdfc99fd:   08 32 d0 40 32 d7 c1 ef 18 40 3a fa 0f 85 e2 0a
0x00007ff9bdfc9a0d:   00 00 4c 8b 44 24 58 33 ff 8b 4b 7c 8b c1 c1 e8
0x00007ff9bdfc9a1d:   14 22 83 8a 00 00 00 41 32 46 0a a8 01 0f 85 15
0x00007ff9bdfc9a2d:   01 00 00 85 c9 74 27 41 8b 56 08 33 93 88 00 00
0x00007ff9bdfc9a3d:   00 41 89 56 08 8b ca c1 e9 10 8b c2 c1 e8 08 32
0x00007ff9bdfc9a4d:   c8 32 ca c1 ea 18 3a d1 0f 85 bd 0a 00 00 45 84
0x00007ff9bdfc9a5d:   ed 0f 85 c4 0a 00 00 48 8d 8b c0 00 00 00 48 8d
0x00007ff9bdfc9a6d:   93 38 01 00 00 4d 8d 46 10 4d 8b 38 4d 8b 66 18
0x00007ff9bdfc9a7d:   49 8b 04 24 4d 8b 4f 08 49 3b c1 0f 85 61 0c 00
0x00007ff9bdfc9a8d:   00 49 3b c0 0f 85 58 0c 00 00 41 0f b7 46 08 48
0x00007ff9bdfc9a9d:   29 01 48 8b 12 48 85 d2 74 44 41 0f b7 4e 08 0f
0x00007ff9bdfc9aad:   1f 40 00 8b 7a 08 48 3b cf 72 0f 48 8b 02 48 85
0x00007ff9bdfc9abd:   c0 0f 85 04 02 00 00 8d 4f ff 48 89 8c 24 c0 00
0x00007ff9bdfc9acd:   00 00 41 0f b7 46 08 48 89 44 24 28 89 4c 24 20
0x00007ff9bdfc9add:   4d 8b c8 41 b0 01 48 8b cb e8 51 f6 00 00 4d 89
0x00007ff9bdfc9aed:   3c 24 4d 89 67 08 41 f6 46 0a 08 0f 85 16 05 00
0x00007ff9bdfc9afd:   00 41 0f b6 46 0a a8 04 0f 85 f5 01 00 00 c6 46
0x00007ff9bdfc9b0d:   0a 00 c6 46 0f 00 41 0f b7 46 08 48 8b 4c 24 58
0x00007ff9bdfc9b1d:   48 03 c8 48 89 4c 24 58 66 89 4e 08 48 8b 4c 24
0x00007ff9bdfc9b2d:   58 48 8b c1 48 03 c0 66 33 8b 8c 00 00 00 66 89
0x00007ff9bdfc9b3d:   4c c6 0c 4c 8b 44 24 58 48 89 b4 24 70 01 00 00
0x00007ff9bdfc9b4d:   44 0f b6 74 24 48 4c 3b 83 b0 00 00 00 0f 83 72
0x00007ff9bdfc9b5d:   02 00 00 48 8b 83 c0 00 00 00 49 8d 0c 00 48 3b
0x00007ff9bdfc9b6d:   8b b8 00 00 00 0f 87 e8 01 00 00 49 81 f8 00 ff 


Stack slot to memory mapping:
stack at sp + 0 slots: 0x000001bd50eb0000 points into unknown readable memory: 0x0000000000000000 | 00 00 00 00 00 00 00 00
stack at sp + 1 slots: 0x000001bd7e3a0870 points into unknown readable memory: 0x3ff0383a8d35e3f8 | f8 e3 35 8d 3a 38 f0 3f
stack at sp + 2 slots: 0x000001bd7e3a0870 points into unknown readable memory: 0x3ff0383a8d35e3f8 | f8 e3 35 8d 3a 38 f0 3f
stack at sp + 3 slots: 0x000001bd7e37ba70 points into unknown readable memory: 0x001022e000000002 | 02 00 00 00 e0 22 10 00
stack at sp + 4 slots: 0x000001bd000003ff points into unknown readable memory: 00
stack at sp + 5 slots: 0x00000000000024e0 is an unknown value
stack at sp + 6 slots: 0x0000035a00000000 is an unknown value
stack at sp + 7 slots: 0x000001bd7bb613e0 points into unknown readable memory: 0x0000000000000000 | 00 00 00 00 00 00 00 00


---------------  P R O C E S S  ---------------

Threads class SMR info:
_java_thread_list=0x000001bd7af9b4a0, length=35, elements={
0x000001bd51151e20, 0x000001bd77b43d30, 0x000001bd77b45300, 0x000001bd77b5d7f0,
0x000001bd77b601b0, 0x000001bd77b61aa0, 0x000001bd77b658d0, 0x000001bd77b6b160,
0x000001bd77b6f2d0, 0x000001bd77b80b30, 0x000001bd77b65da0, 0x000001bd77b68dc0,
0x000001bd7b476030, 0x000001bd7b476500, 0x000001bd7b4769d0, 0x000001bd7cc26680,
0x000001bd7cc28830, 0x000001bd7cc244d0, 0x000001bd7cc261b0, 0x000001bd7cc25ce0,
0x000001bd7cc2a040, 0x000001bd7cc25810, 0x000001bd7cc23b30, 0x000001bd7cc27020,
0x000001bd7df58330, 0x000001bd7cc22cc0, 0x000001bd7cc249a0, 0x000001bd7cc24e70,
0x000001bd7cc23190, 0x000001bd7cc25340, 0x000001bd7cc27e90, 0x000001bd7b4015f0,
0x000001bd7b402e00, 0x000001bd7b400780, 0x000001bd7b4037a0
}

Java Threads: ( => current thread )
  0x000001bd51151e20 JavaThread "Render thread" [_thread_in_native, id=9440, stack(0x000000bb9f800000,0x000000bb9f900000)]
  0x000001bd77b43d30 JavaThread "Reference Handler" daemon [_thread_blocked, id=7748, stack(0x000000bb9ff00000,0x000000bba0000000)]
  0x000001bd77b45300 JavaThread "Finalizer" daemon [_thread_blocked, id=10808, stack(0x000000bba0000000,0x000000bba0100000)]
  0x000001bd77b5d7f0 JavaThread "Signal Dispatcher" daemon [_thread_blocked, id=10592, stack(0x000000bba0200000,0x000000bba0300000)]
  0x000001bd77b601b0 JavaThread "Attach Listener" daemon [_thread_blocked, id=11132, stack(0x000000bba0300000,0x000000bba0400000)]
  0x000001bd77b61aa0 JavaThread "Service Thread" daemon [_thread_blocked, id=8112, stack(0x000000bba0400000,0x000000bba0500000)]
  0x000001bd77b658d0 JavaThread "Monitor Deflation Thread" daemon [_thread_blocked, id=11172, stack(0x000000bba0500000,0x000000bba0600000)]
=>0x000001bd77b6b160 JavaThread "C2 CompilerThread0" daemon [_thread_in_native, id=10236, stack(0x000000bba0600000,0x000000bba0700000)]
  0x000001bd77b6f2d0 JavaThread "C1 CompilerThread0" daemon [_thread_in_native, id=11232, stack(0x000000bba0700000,0x000000bba0800000)]
  0x000001bd77b80b30 JavaThread "Sweeper thread" daemon [_thread_blocked, id=9508, stack(0x000000bba0800000,0x000000bba0900000)]
  0x000001bd77b65da0 JavaThread "Notification Thread" daemon [_thread_blocked, id=6764, stack(0x000000bba0900000,0x000000bba0a00000)]
  0x000001bd77b68dc0 JavaThread "Common-Cleaner" daemon [_thread_blocked, id=8120, stack(0x000000bba0b00000,0x000000bba0c00000)]
  0x000001bd7b476030 JavaThread "Worker-Bootstrap-1" daemon [_thread_blocked, id=5300, stack(0x000000bba1600000,0x000000bba1700000)]
  0x000001bd7b476500 JavaThread "Worker-Bootstrap-2" daemon [_thread_blocked, id=9112, stack(0x000000bba1700000,0x000000bba1800000)]
  0x000001bd7b4769d0 JavaThread "Worker-Bootstrap-3" daemon [_thread_blocked, id=6276, stack(0x000000bba1800000,0x000000bba1900000)]
  0x000001bd7cc26680 JavaThread "Timer hack thread" daemon [_thread_blocked, id=6616, stack(0x000000bba1900000,0x000000bba1a00000)]
  0x000001bd7cc28830 JavaThread "Keep-Alive-Timer" daemon [_thread_blocked, id=9096, stack(0x000000bba1b00000,0x000000bba1c00000)]
  0x000001bd7cc244d0 JavaThread "WorldEdit Session Manager" [_thread_blocked, id=10756, stack(0x000000bba1c00000,0x000000bba1d00000)]
  0x000001bd7cc261b0 JavaThread "Timer-1" [_thread_blocked, id=10284, stack(0x000000bba1d00000,0x000000bba1e00000)]
  0x000001bd7cc25ce0 JavaThread "ForkJoinPool.commonPool-worker-1" daemon [_thread_blocked, id=4600, stack(0x000000bba1e00000,0x000000bba1f00000)]
  0x000001bd7cc2a040 JavaThread "FileSystemWatchService" daemon [_thread_in_native, id=10044, stack(0x000000bba1f00000,0x000000bba2000000)]
  0x000001bd7cc25810 JavaThread "replaymod-config-watcher" daemon [_thread_blocked, id=8048, stack(0x000000bba2000000,0x000000bba2100000)]
  0x000001bd7cc23b30 JavaThread "Cleaner-0" daemon [_thread_blocked, id=6168, stack(0x000000bba2100000,0x000000bba2200000)]
  0x000001bd7cc27020 JavaThread "Sound engine" daemon [_thread_blocked, id=8264, stack(0x000000bba2700000,0x000000bba2800000)]
  0x000001bd7df58330 JavaThread "C2 CompilerThread1" daemon [_thread_in_native, id=7608, stack(0x000000bba2500000,0x000000bba2600000)]
  0x000001bd7cc22cc0 JavaThread "Worker-Main-4" daemon [_thread_blocked, id=10076, stack(0x000000bba2800000,0x000000bba2900000)]
  0x000001bd7cc249a0 JavaThread "Worker-Main-5" daemon [_thread_in_native, id=9268, stack(0x000000bba2900000,0x000000bba2a00000)]
  0x000001bd7cc24e70 JavaThread "Narrator" [_thread_blocked, id=11240, stack(0x000000bba2a00000,0x000000bba2b00000)]
  0x000001bd7cc23190 JavaThread "Worker-Main-6" daemon [_thread_in_vm, id=10396, stack(0x000000bba2b00000,0x000000bba2c00000)]
  0x000001bd7cc25340 JavaThread "Thread-7" [_thread_blocked, id=1108, stack(0x000000bba2c00000,0x000000bba2d00000)]
  0x000001bd7cc27e90 JavaThread "Thread-8" [_thread_blocked, id=4648, stack(0x000000bba2d00000,0x000000bba2e00000)]
  0x000001bd7b4015f0 JavaThread "IO-Worker-7" [_thread_blocked, id=6208, stack(0x000000bba2f00000,0x000000bba3000000)]
  0x000001bd7b402e00 JavaThread "IO-Worker-8" [_thread_blocked, id=7120, stack(0x000000bba3000000,0x000000bba3100000)]
  0x000001bd7b400780 JavaThread "IO-Worker-9" [_thread_in_vm, id=10584, stack(0x000000bba3100000,0x000000bba3200000)]
  0x000001bd7b4037a0 JavaThread "IO-Worker-10" [_thread_blocked, id=5124, stack(0x000000bba3200000,0x000000bba3300000)]

Other Threads:
  0x000001bd77b3fb00 VMThread "VM Thread" [stack: 0x000000bb9fe00000,0x000000bb9ff00000] [id=9400] _threads_hazard_ptr=0x000001bd7af9b4a0
  0x000001bd788b5a20 WatcherThread [stack: 0x000000bba0a00000,0x000000bba0b00000] [id=7908]
  0x000001bd511a5ef0 GCTaskThread "GC Thread#0" [stack: 0x000000bb9f900000,0x000000bb9fa00000] [id=5792]
  0x000001bd78c3ac50 GCTaskThread "GC Thread#1" [stack: 0x000000bba0c00000,0x000000bba0d00000] [id=1972]
  0x000001bd78a65d30 GCTaskThread "GC Thread#2" [stack: 0x000000bba0d00000,0x000000bba0e00000] [id=8236]
  0x000001bd78a85270 GCTaskThread "GC Thread#3" [stack: 0x000000bba0e00000,0x000000bba0f00000] [id=4692]
  0x000001bd511b0f90 ConcurrentGCThread "G1 Main Marker" [stack: 0x000000bb9fa00000,0x000000bb9fb00000] [id=8980]
  0x000001bd511b2a40 ConcurrentGCThread "G1 Conc#0" [stack: 0x000000bb9fb00000,0x000000bb9fc00000] [id=6204]
  0x000001bd5120e460 ConcurrentGCThread "G1 Refine#0" [stack: 0x000000bb9fc00000,0x000000bb9fd00000] [id=9960]
  0x000001bd79133a70 ConcurrentGCThread "G1 Refine#1" [stack: 0x000000bba0f00000,0x000000bba1000000] [id=11004]
  0x000001bd79134160 ConcurrentGCThread "G1 Refine#2" [stack: 0x000000bba1000000,0x000000bba1100000] [id=10948]
  0x000001bd78fd8700 ConcurrentGCThread "G1 Refine#3" [stack: 0x000000bba1100000,0x000000bba1200000] [id=5960]
  0x000001bd5120fd30 ConcurrentGCThread "G1 Service" [stack: 0x000000bb9fd00000,0x000000bb9fe00000] [id=7432]

Threads with active compile tasks:
C2 CompilerThread0    47329 12509   !   4       java.util.WeakHashMap::expungeStaleEntries (139 bytes)
C1 CompilerThread0    47329 12531       1       com.google.common.collect.SingletonImmutableList::isPartialView (2 bytes)
C2 CompilerThread1    47329 12525   !   4       sun.nio.cs.StreamDecoder::readBytes (271 bytes)

VM state: synchronizing (normal execution)

VM Mutex/Monitor currently owned by a thread:  ([mutex/lock_event])
[0x000001bd5114cda0] Threads_lock - owner thread: 0x000001bd77b3fb00
[0x000001bd5114d850] Heap_lock - owner thread: 0x000001bd7b476030

Heap address: 0x00000006c0000000, size: 5120 MB, Compressed Oops mode: Zero based, Oop shift amount: 3

CDS archive(s) mapped at: [0x0000000800000000-0x0000000800bc0000-0x0000000800bc0000), size 12320768, SharedBaseAddress: 0x0000000800000000, ArchiveRelocationMode: 0.
Compressed class space mapped at: 0x0000000800c00000-0x0000000840c00000, reserved size: 1073741824
Narrow klass base: 0x0000000800000000, Narrow klass shift: 0, Narrow klass range: 0x100000000

GC Precious Log:
 CPUs: 4 total, 4 available
 Memory: 8128M
 Large Page Support: Disabled
 NUMA Support: Disabled
 Compressed Oops: Enabled (Zero based)
 Heap Region Size: 4M
 Heap Min Capacity: 204M
 Heap Initial Capacity: 204M
 Heap Max Capacity: 5G
 Pre-touch: Disabled
 Parallel Workers: 4
 Concurrent Workers: 1
 Concurrent Refinement Workers: 4
 Periodic GC: Disabled

Heap:
 garbage-first heap   total 1245184K, used 1023632K [0x00000006c0000000, 0x0000000800000000)
  region size 4096K, 166 young (679936K), 2 survivors (8192K)
 Metaspace       used 88928K, committed 89664K, reserved 1130496K
  class space    used 12463K, committed 12800K, reserved 1048576K

Heap Regions: E=young(eden), S=young(survivor), O=old, HS=humongous(starts), HC=humongous(continues), CS=collection set, F=free, OA=open archive, CA=closed archive, TAMS=top-at-mark-start (previous, next)
|   0|0x00000006c0000000, 0x00000006c0400000, 0x00000006c0400000|100%| O|  |TAMS 0x00000006c0400000, 0x00000006c0000000| Untracked 
|   1|0x00000006c0400000, 0x00000006c0800000, 0x00000006c0800000|100%| O|  |TAMS 0x00000006c0800000, 0x00000006c0400000| Untracked 
|   2|0x00000006c0800000, 0x00000006c0c00000, 0x00000006c0c00000|100%| O|  |TAMS 0x00000006c0c00000, 0x00000006c0800000| Untracked 
|   3|0x00000006c0c00000, 0x00000006c1000000, 0x00000006c1000000|100%| O|  |TAMS 0x00000006c1000000, 0x00000006c0c00000| Untracked 
|   4|0x00000006c1000000, 0x00000006c1400000, 0x00000006c1400000|100%| O|  |TAMS 0x00000006c1400000, 0x00000006c1000000| Untracked 
|   5|0x00000006c1400000, 0x00000006c1800000, 0x00000006c1800000|100%| O|  |TAMS 0x00000006c1800000, 0x00000006c1400000| Untracked 
|   6|0x00000006c1800000, 0x00000006c1c00000, 0x00000006c1c00000|100%| O|  |TAMS 0x00000006c1c00000, 0x00000006c1800000| Untracked 
|   7|0x00000006c1c00000, 0x00000006c2000000, 0x00000006c2000000|100%| O|  |TAMS 0x00000006c2000000, 0x00000006c1c00000| Untracked 
|   8|0x00000006c2000000, 0x00000006c2400000, 0x00000006c2400000|100%| O|  |TAMS 0x00000006c2400000, 0x00000006c2000000| Untracked 
|   9|0x00000006c2400000, 0x00000006c2800000, 0x00000006c2800000|100%|HS|  |TAMS 0x00000006c2800000, 0x00000006c2400000| Complete 
|  10|0x00000006c2800000, 0x00000006c2c00000, 0x00000006c2c00000|100%|HS|  |TAMS 0x00000006c2c00000, 0x00000006c2800000| Complete 
|  11|0x00000006c2c00000, 0x00000006c3000000, 0x00000006c3000000|100%| O|  |TAMS 0x00000006c3000000, 0x00000006c2c00000| Untracked 
|  12|0x00000006c3000000, 0x00000006c3400000, 0x00000006c3400000|100%| O|  |TAMS 0x00000006c3400000, 0x00000006c3000000| Untracked 
|  13|0x00000006c3400000, 0x00000006c3800000, 0x00000006c3800000|100%| O|  |TAMS 0x00000006c3800000, 0x00000006c3400000| Untracked 
|  14|0x00000006c3800000, 0x00000006c3c00000, 0x00000006c3c00000|100%| O|  |TAMS 0x00000006c3c00000, 0x00000006c3800000| Untracked 
|  15|0x00000006c3c00000, 0x00000006c4000000, 0x00000006c4000000|100%| O|  |TAMS 0x00000006c4000000, 0x00000006c3c00000| Untracked 
|  16|0x00000006c4000000, 0x00000006c4400000, 0x00000006c4400000|100%| O|  |TAMS 0x00000006c4400000, 0x00000006c4000000| Untracked 
|  17|0x00000006c4400000, 0x00000006c4800000, 0x00000006c4800000|100%| O|  |TAMS 0x00000006c4800000, 0x00000006c4400000| Untracked 
|  18|0x00000006c4800000, 0x00000006c4800000, 0x00000006c4c00000|  0%| F|  |TAMS 0x00000006c4800000, 0x00000006c4800000| Untracked 
|  19|0x00000006c4c00000, 0x00000006c5000000, 0x00000006c5000000|100%|HS|  |TAMS 0x00000006c5000000, 0x00000006c4c00000| Complete 
|  20|0x00000006c5000000, 0x00000006c5400000, 0x00000006c5400000|100%|HC|  |TAMS 0x00000006c5400000, 0x00000006c5000000| Complete 
|  21|0x00000006c5400000, 0x00000006c5800000, 0x00000006c5800000|100%|HC|  |TAMS 0x00000006c5800000, 0x00000006c5400000| Complete 
|  22|0x00000006c5800000, 0x00000006c5c00000, 0x00000006c5c00000|100%| O|  |TAMS 0x00000006c5c00000, 0x00000006c5800000| Untracked 
|  23|0x00000006c5c00000, 0x00000006c6000000, 0x00000006c6000000|100%| O|  |TAMS 0x00000006c6000000, 0x00000006c5c00000| Untracked 
|  24|0x00000006c6000000, 0x00000006c6400000, 0x00000006c6400000|100%| O|  |TAMS 0x00000006c6400000, 0x00000006c6000000| Untracked 
|  25|0x00000006c6400000, 0x00000006c6800000, 0x00000006c6800000|100%| O|  |TAMS 0x00000006c6800000, 0x00000006c6400000| Untracked 
|  26|0x00000006c6800000, 0x00000006c6c00000, 0x00000006c6c00000|100%| O|  |TAMS 0x00000006c6c00000, 0x00000006c6800000| Untracked 
|  27|0x00000006c6c00000, 0x00000006c7000000, 0x00000006c7000000|100%| O|  |TAMS 0x00000006c7000000, 0x00000006c6c00000| Untracked 
|  28|0x00000006c7000000, 0x00000006c7400000, 0x00000006c7400000|100%| O|  |TAMS 0x00000006c7400000, 0x00000006c7000000| Untracked 
|  29|0x00000006c7400000, 0x00000006c7800000, 0x00000006c7800000|100%| O|  |TAMS 0x00000006c7800000, 0x00000006c7400000| Untracked 
|  30|0x00000006c7800000, 0x00000006c7c00000, 0x00000006c7c00000|100%| O|  |TAMS 0x00000006c7c00000, 0x00000006c7800000| Untracked 
|  31|0x00000006c7c00000, 0x00000006c8000000, 0x00000006c8000000|100%| O|  |TAMS 0x00000006c8000000, 0x00000006c7c00000| Untracked 
|  32|0x00000006c8000000, 0x00000006c8400000, 0x00000006c8400000|100%| O|  |TAMS 0x00000006c8400000, 0x00000006c8000000| Untracked 
|  33|0x00000006c8400000, 0x00000006c8800000, 0x00000006c8800000|100%| O|  |TAMS 0x00000006c8800000, 0x00000006c8400000| Untracked 
|  34|0x00000006c8800000, 0x00000006c8c00000, 0x00000006c8c00000|100%| O|  |TAMS 0x00000006c8c00000, 0x00000006c8800000| Untracked 
|  35|0x00000006c8c00000, 0x00000006c9000000, 0x00000006c9000000|100%| O|  |TAMS 0x00000006c9000000, 0x00000006c8c00000| Untracked 
|  36|0x00000006c9000000, 0x00000006c9400000, 0x00000006c9400000|100%| O|  |TAMS 0x00000006c9400000, 0x00000006c9000000| Untracked 
|  37|0x00000006c9400000, 0x00000006c9800000, 0x00000006c9800000|100%| O|  |TAMS 0x00000006c9800000, 0x00000006c9400000| Untracked 
|  38|0x00000006c9800000, 0x00000006c9c00000, 0x00000006c9c00000|100%| O|  |TAMS 0x00000006c9c00000, 0x00000006c9800000| Untracked 
|  39|0x00000006c9c00000, 0x00000006ca000000, 0x00000006ca000000|100%| O|  |TAMS 0x00000006ca000000, 0x00000006c9c00000| Untracked 
|  40|0x00000006ca000000, 0x00000006ca400000, 0x00000006ca400000|100%| O|  |TAMS 0x00000006ca400000, 0x00000006ca000000| Untracked 
|  41|0x00000006ca400000, 0x00000006ca800000, 0x00000006ca800000|100%| O|  |TAMS 0x00000006ca800000, 0x00000006ca400000| Untracked 
|  42|0x00000006ca800000, 0x00000006cac00000, 0x00000006cac00000|100%| O|  |TAMS 0x00000006cac00000, 0x00000006ca800000| Untracked 
|  43|0x00000006cac00000, 0x00000006cb000000, 0x00000006cb000000|100%| O|  |TAMS 0x00000006cb000000, 0x00000006cac00000| Untracked 
|  44|0x00000006cb000000, 0x00000006cb400000, 0x00000006cb400000|100%| O|  |TAMS 0x00000006cb400000, 0x00000006cb000000| Untracked 
|  45|0x00000006cb400000, 0x00000006cb800000, 0x00000006cb800000|100%| O|  |TAMS 0x00000006cb800000, 0x00000006cb400000| Untracked 
|  46|0x00000006cb800000, 0x00000006cbc00000, 0x00000006cbc00000|100%| O|  |TAMS 0x00000006cbc00000, 0x00000006cb800000| Untracked 
|  47|0x00000006cbc00000, 0x00000006cc000000, 0x00000006cc000000|100%| O|  |TAMS 0x00000006cc000000, 0x00000006cbc00000| Untracked 
|  48|0x00000006cc000000, 0x00000006cc400000, 0x00000006cc400000|100%| O|  |TAMS 0x00000006cc400000, 0x00000006cc000000| Untracked 
|  49|0x00000006cc400000, 0x00000006cc800000, 0x00000006cc800000|100%| O|  |TAMS 0x00000006cc800000, 0x00000006cc400000| Untracked 
|  50|0x00000006cc800000, 0x00000006ccc00000, 0x00000006ccc00000|100%| O|  |TAMS 0x00000006ccc00000, 0x00000006cc800000| Untracked 
|  51|0x00000006ccc00000, 0x00000006cd000000, 0x00000006cd000000|100%| O|  |TAMS 0x00000006cd000000, 0x00000006ccc00000| Untracked 
|  52|0x00000006cd000000, 0x00000006cd400000, 0x00000006cd400000|100%| O|  |TAMS 0x00000006cd400000, 0x00000006cd000000| Untracked 
|  53|0x00000006cd400000, 0x00000006cd800000, 0x00000006cd800000|100%| O|  |TAMS 0x00000006cd800000, 0x00000006cd400000| Untracked 
|  54|0x00000006cd800000, 0x00000006cdc00000, 0x00000006cdc00000|100%| O|  |TAMS 0x00000006cdc00000, 0x00000006cd800000| Untracked 
|  55|0x00000006cdc00000, 0x00000006ce000000, 0x00000006ce000000|100%| O|  |TAMS 0x00000006ce000000, 0x00000006cdc00000| Untracked 
|  56|0x00000006ce000000, 0x00000006ce400000, 0x00000006ce400000|100%| O|  |TAMS 0x00000006ce400000, 0x00000006ce000000| Untracked 
|  57|0x00000006ce400000, 0x00000006ce800000, 0x00000006ce800000|100%| O|  |TAMS 0x00000006ce800000, 0x00000006ce400000| Untracked 
|  58|0x00000006ce800000, 0x00000006cec00000, 0x00000006cec00000|100%| O|  |TAMS 0x00000006cec00000, 0x00000006ce800000| Untracked 
|  59|0x00000006cec00000, 0x00000006cf000000, 0x00000006cf000000|100%| O|  |TAMS 0x00000006cf000000, 0x00000006cec00000| Untracked 
|  60|0x00000006cf000000, 0x00000006cf400000, 0x00000006cf400000|100%| O|  |TAMS 0x00000006cf400000, 0x00000006cf000000| Untracked 
|  61|0x00000006cf400000, 0x00000006cf800000, 0x00000006cf800000|100%| O|  |TAMS 0x00000006cf800000, 0x00000006cf400000| Untracked 
|  62|0x00000006cf800000, 0x00000006cfc00000, 0x00000006cfc00000|100%| O|  |TAMS 0x00000006cfc00000, 0x00000006cf800000| Untracked 
|  63|0x00000006cfc00000, 0x00000006d0000000, 0x00000006d0000000|100%| O|  |TAMS 0x00000006d0000000, 0x00000006cfc00000| Untracked 
|  64|0x00000006d0000000, 0x00000006d0400000, 0x00000006d0400000|100%| O|  |TAMS 0x00000006d0400000, 0x00000006d0000000| Untracked 
|  65|0x00000006d0400000, 0x00000006d0800000, 0x00000006d0800000|100%| O|  |TAMS 0x00000006d0800000, 0x00000006d0400000| Untracked 
|  66|0x00000006d0800000, 0x00000006d0c00000, 0x00000006d0c00000|100%| O|  |TAMS 0x00000006d0c00000, 0x00000006d0800000| Untracked 
|  67|0x00000006d0c00000, 0x00000006d1000000, 0x00000006d1000000|100%| O|  |TAMS 0x00000006d1000000, 0x00000006d0c00000| Untracked 
|  68|0x00000006d1000000, 0x00000006d1400000, 0x00000006d1400000|100%| O|  |TAMS 0x00000006d1287200, 0x00000006d1000000| Untracked 
|  69|0x00000006d1400000, 0x00000006d1800000, 0x00000006d1800000|100%|HS|  |TAMS 0x00000006d1800000, 0x00000006d1400000| Complete 
|  70|0x00000006d1800000, 0x00000006d1c00000, 0x00000006d1c00000|100%|HS|  |TAMS 0x00000006d1800000, 0x00000006d1800000| Complete 
|  71|0x00000006d1c00000, 0x00000006d2000000, 0x00000006d2000000|100%|HC|  |TAMS 0x00000006d1c00000, 0x00000006d1c00000| Complete 
|  72|0x00000006d2000000, 0x00000006d2400000, 0x00000006d2400000|100%| O|  |TAMS 0x00000006d2000000, 0x00000006d2000000| Untracked 
|  73|0x00000006d2400000, 0x00000006d2800000, 0x00000006d2800000|100%| O|  |TAMS 0x00000006d2400000, 0x00000006d2400000| Untracked 
|  74|0x00000006d2800000, 0x00000006d2c00000, 0x00000006d2c00000|100%| O|  |TAMS 0x00000006d2800000, 0x00000006d2800000| Untracked 
|  75|0x00000006d2c00000, 0x00000006d3000000, 0x00000006d3000000|100%| O|  |TAMS 0x00000006d2c00000, 0x00000006d2c00000| Untracked 
|  76|0x00000006d3000000, 0x00000006d3400000, 0x00000006d3400000|100%| O|  |TAMS 0x00000006d3000000, 0x00000006d3000000| Untracked 
|  77|0x00000006d3400000, 0x00000006d3800000, 0x00000006d3800000|100%| O|  |TAMS 0x00000006d3400000, 0x00000006d3400000| Untracked 
|  78|0x00000006d3800000, 0x00000006d3c00000, 0x00000006d3c00000|100%| O|  |TAMS 0x00000006d3800000, 0x00000006d3800000| Untracked 
|  79|0x00000006d3c00000, 0x00000006d4000000, 0x00000006d4000000|100%| O|  |TAMS 0x00000006d3c00000, 0x00000006d3c00000| Untracked 
|  80|0x00000006d4000000, 0x00000006d4400000, 0x00000006d4400000|100%| O|  |TAMS 0x00000006d4000000, 0x00000006d4000000| Untracked 
|  81|0x00000006d4400000, 0x00000006d4800000, 0x00000006d4800000|100%| O|  |TAMS 0x00000006d4400000, 0x00000006d4400000| Untracked 
|  82|0x00000006d4800000, 0x00000006d4c00000, 0x00000006d4c00000|100%| O|  |TAMS 0x00000006d4800000, 0x00000006d4800000| Untracked 
|  83|0x00000006d4c00000, 0x00000006d4fa4200, 0x00000006d5000000| 91%| O|  |TAMS 0x00000006d4c00000, 0x00000006d4c00000| Untracked 
|  84|0x00000006d5000000, 0x00000006d5000000, 0x00000006d5400000|  0%| F|  |TAMS 0x00000006d5000000, 0x00000006d5000000| Untracked 
|  85|0x00000006d5400000, 0x00000006d5400000, 0x00000006d5800000|  0%| F|  |TAMS 0x00000006d5400000, 0x00000006d5400000| Untracked 
|  86|0x00000006d5800000, 0x00000006d5800000, 0x00000006d5c00000|  0%| F|  |TAMS 0x00000006d5800000, 0x00000006d5800000| Untracked 
|  87|0x00000006d5c00000, 0x00000006d5c00000, 0x00000006d6000000|  0%| F|  |TAMS 0x00000006d5c00000, 0x00000006d5c00000| Untracked 
|  88|0x00000006d6000000, 0x00000006d6000000, 0x00000006d6400000|  0%| F|  |TAMS 0x00000006d6000000, 0x00000006d6000000| Untracked 
|  89|0x00000006d6400000, 0x00000006d6400000, 0x00000006d6800000|  0%| F|  |TAMS 0x00000006d6400000, 0x00000006d6400000| Untracked 
|  90|0x00000006d6800000, 0x00000006d6800000, 0x00000006d6c00000|  0%| F|  |TAMS 0x00000006d6800000, 0x00000006d6800000| Untracked 
|  91|0x00000006d6c00000, 0x00000006d6c00000, 0x00000006d7000000|  0%| F|  |TAMS 0x00000006d6c00000, 0x00000006d6c00000| Untracked 
|  92|0x00000006d7000000, 0x00000006d7000000, 0x00000006d7400000|  0%| F|  |TAMS 0x00000006d7000000, 0x00000006d7000000| Untracked 
|  93|0x00000006d7400000, 0x00000006d7400000, 0x00000006d7800000|  0%| F|  |TAMS 0x00000006d7400000, 0x00000006d7400000| Untracked 
|  94|0x00000006d7800000, 0x00000006d7800000, 0x00000006d7c00000|  0%| F|  |TAMS 0x00000006d7800000, 0x00000006d7800000| Untracked 
|  95|0x00000006d7c00000, 0x00000006d7c00000, 0x00000006d8000000|  0%| F|  |TAMS 0x00000006d7c00000, 0x00000006d7c00000| Untracked 
|  96|0x00000006d8000000, 0x00000006d8000000, 0x00000006d8400000|  0%| F|  |TAMS 0x00000006d8000000, 0x00000006d8000000| Untracked 
|  97|0x00000006d8400000, 0x00000006d8400000, 0x00000006d8800000|  0%| F|  |TAMS 0x00000006d8400000, 0x00000006d8400000| Untracked 
|  98|0x00000006d8800000, 0x00000006d8800000, 0x00000006d8c00000|  0%| F|  |TAMS 0x00000006d8800000, 0x00000006d8800000| Untracked 
|  99|0x00000006d8c00000, 0x00000006d8c00000, 0x00000006d9000000|  0%| F|  |TAMS 0x00000006d8c00000, 0x00000006d8c00000| Untracked 
| 100|0x00000006d9000000, 0x00000006d9000000, 0x00000006d9400000|  0%| F|  |TAMS 0x00000006d9000000, 0x00000006d9000000| Untracked 
| 101|0x00000006d9400000, 0x00000006d9400000, 0x00000006d9800000|  0%| F|  |TAMS 0x00000006d9400000, 0x00000006d9400000| Untracked 
| 102|0x00000006d9800000, 0x00000006d9800000, 0x00000006d9c00000|  0%| F|  |TAMS 0x00000006d9800000, 0x00000006d9800000| Untracked 
| 103|0x00000006d9c00000, 0x00000006d9c00000, 0x00000006da000000|  0%| F|  |TAMS 0x00000006d9c00000, 0x00000006d9c00000| Untracked 
| 104|0x00000006da000000, 0x00000006da000000, 0x00000006da400000|  0%| F|  |TAMS 0x00000006da000000, 0x00000006da000000| Untracked 
| 105|0x00000006da400000, 0x00000006da400000, 0x00000006da800000|  0%| F|  |TAMS 0x00000006da400000, 0x00000006da400000| Untracked 
| 106|0x00000006da800000, 0x00000006da800000, 0x00000006dac00000|  0%| F|  |TAMS 0x00000006da800000, 0x00000006da800000| Untracked 
| 107|0x00000006dac00000, 0x00000006dac00000, 0x00000006db000000|  0%| F|  |TAMS 0x00000006dac00000, 0x00000006dac00000| Untracked 
| 108|0x00000006db000000, 0x00000006db000000, 0x00000006db400000|  0%| F|  |TAMS 0x00000006db000000, 0x00000006db000000| Untracked 
| 109|0x00000006db400000, 0x00000006db400000, 0x00000006db800000|  0%| F|  |TAMS 0x00000006db400000, 0x00000006db400000| Untracked 
| 110|0x00000006db800000, 0x00000006db800000, 0x00000006dbc00000|  0%| F|  |TAMS 0x00000006db800000, 0x00000006db800000| Untracked 
| 111|0x00000006dbc00000, 0x00000006dbc00000, 0x00000006dc000000|  0%| F|  |TAMS 0x00000006dbc00000, 0x00000006dbc00000| Untracked 
| 112|0x00000006dc000000, 0x00000006dc000000, 0x00000006dc400000|  0%| F|  |TAMS 0x00000006dc000000, 0x00000006dc000000| Untracked 
| 113|0x00000006dc400000, 0x00000006dc400000, 0x00000006dc800000|  0%| F|  |TAMS 0x00000006dc400000, 0x00000006dc400000| Untracked 
| 114|0x00000006dc800000, 0x00000006dc800000, 0x00000006dcc00000|  0%| F|  |TAMS 0x00000006dc800000, 0x00000006dc800000| Untracked 
| 115|0x00000006dcc00000, 0x00000006dcc00000, 0x00000006dd000000|  0%| F|  |TAMS 0x00000006dcc00000, 0x00000006dcc00000| Untracked 
| 116|0x00000006dd000000, 0x00000006dd000000, 0x00000006dd400000|  0%| F|  |TAMS 0x00000006dd000000, 0x00000006dd000000| Untracked 
| 117|0x00000006dd400000, 0x00000006dd400000, 0x00000006dd800000|  0%| F|  |TAMS 0x00000006dd400000, 0x00000006dd400000| Untracked 
| 118|0x00000006dd800000, 0x00000006dd800000, 0x00000006ddc00000|  0%| F|  |TAMS 0x00000006dd800000, 0x00000006dd800000| Untracked 
| 119|0x00000006ddc00000, 0x00000006ddc00000, 0x00000006de000000|  0%| F|  |TAMS 0x00000006ddc00000, 0x00000006ddc00000| Untracked 
| 120|0x00000006de000000, 0x00000006de000000, 0x00000006de400000|  0%| F|  |TAMS 0x00000006de000000, 0x00000006de000000| Untracked 
| 121|0x00000006de400000, 0x00000006de400000, 0x00000006de800000|  0%| F|  |TAMS 0x00000006de400000, 0x00000006de400000| Untracked 
| 122|0x00000006de800000, 0x00000006de800000, 0x00000006dec00000|  0%| F|  |TAMS 0x00000006de800000, 0x00000006de800000| Untracked 
| 123|0x00000006dec00000, 0x00000006dec00000, 0x00000006df000000|  0%| F|  |TAMS 0x00000006dec00000, 0x00000006dec00000| Untracked 
| 124|0x00000006df000000, 0x00000006df000000, 0x00000006df400000|  0%| F|  |TAMS 0x00000006df000000, 0x00000006df000000| Untracked 
| 125|0x00000006df400000, 0x00000006df400000, 0x00000006df800000|  0%| F|  |TAMS 0x00000006df400000, 0x00000006df400000| Untracked 
| 126|0x00000006df800000, 0x00000006df800000, 0x00000006dfc00000|  0%| F|  |TAMS 0x00000006df800000, 0x00000006df800000| Untracked 
| 127|0x00000006dfc00000, 0x00000006dfc00000, 0x00000006e0000000|  0%| F|  |TAMS 0x00000006dfc00000, 0x00000006dfc00000| Untracked 
| 128|0x00000006e0000000, 0x00000006e0000000, 0x00000006e0400000|  0%| F|  |TAMS 0x00000006e0000000, 0x00000006e0000000| Untracked 
| 129|0x00000006e0400000, 0x00000006e0400000, 0x00000006e0800000|  0%| F|  |TAMS 0x00000006e0400000, 0x00000006e0400000| Untracked 
| 130|0x00000006e0800000, 0x00000006e0800000, 0x00000006e0c00000|  0%| F|  |TAMS 0x00000006e0800000, 0x00000006e0800000| Untracked 
| 131|0x00000006e0c00000, 0x00000006e0c00000, 0x00000006e1000000|  0%| F|  |TAMS 0x00000006e0c00000, 0x00000006e0c00000| Untracked 
| 132|0x00000006e1000000, 0x00000006e1000000, 0x00000006e1400000|  0%| F|  |TAMS 0x00000006e1000000, 0x00000006e1000000| Untracked 
| 133|0x00000006e1400000, 0x00000006e1400000, 0x00000006e1800000|  0%| F|  |TAMS 0x00000006e1400000, 0x00000006e1400000| Untracked 
| 134|0x00000006e1800000, 0x00000006e1800000, 0x00000006e1c00000|  0%| F|  |TAMS 0x00000006e1800000, 0x00000006e1800000| Untracked 
| 135|0x00000006e1c00000, 0x00000006e1c00000, 0x00000006e2000000|  0%| F|  |TAMS 0x00000006e1c00000, 0x00000006e1c00000| Untracked 
| 136|0x00000006e2000000, 0x00000006e2000000, 0x00000006e2400000|  0%| F|  |TAMS 0x00000006e2000000, 0x00000006e2000000| Untracked 
| 137|0x00000006e2400000, 0x00000006e2800000, 0x00000006e2800000|100%| E|CS|TAMS 0x00000006e2400000, 0x00000006e2400000| Complete 
| 138|0x00000006e2800000, 0x00000006e2c00000, 0x00000006e2c00000|100%| E|CS|TAMS 0x00000006e2800000, 0x00000006e2800000| Complete 
| 139|0x00000006e2c00000, 0x00000006e3000000, 0x00000006e3000000|100%| E|CS|TAMS 0x00000006e2c00000, 0x00000006e2c00000| Complete 
| 140|0x00000006e3000000, 0x00000006e3400000, 0x00000006e3400000|100%| E|CS|TAMS 0x00000006e3000000, 0x00000006e3000000| Complete 
| 141|0x00000006e3400000, 0x00000006e3800000, 0x00000006e3800000|100%| E|CS|TAMS 0x00000006e3400000, 0x00000006e3400000| Complete 
| 142|0x00000006e3800000, 0x00000006e3c00000, 0x00000006e3c00000|100%| E|CS|TAMS 0x00000006e3800000, 0x00000006e3800000| Complete 
| 143|0x00000006e3c00000, 0x00000006e4000000, 0x00000006e4000000|100%| E|CS|TAMS 0x00000006e3c00000, 0x00000006e3c00000| Complete 
| 144|0x00000006e4000000, 0x00000006e4400000, 0x00000006e4400000|100%| E|CS|TAMS 0x00000006e4000000, 0x00000006e4000000| Complete 
| 145|0x00000006e4400000, 0x00000006e4800000, 0x00000006e4800000|100%| E|CS|TAMS 0x00000006e4400000, 0x00000006e4400000| Complete 
| 146|0x00000006e4800000, 0x00000006e4c00000, 0x00000006e4c00000|100%| E|CS|TAMS 0x00000006e4800000, 0x00000006e4800000| Complete 
| 147|0x00000006e4c00000, 0x00000006e5000000, 0x00000006e5000000|100%| E|CS|TAMS 0x00000006e4c00000, 0x00000006e4c00000| Complete 
| 148|0x00000006e5000000, 0x00000006e5400000, 0x00000006e5400000|100%| E|CS|TAMS 0x00000006e5000000, 0x00000006e5000000| Complete 
| 149|0x00000006e5400000, 0x00000006e5800000, 0x00000006e5800000|100%| E|CS|TAMS 0x00000006e5400000, 0x00000006e5400000| Complete 
| 150|0x00000006e5800000, 0x00000006e5c00000, 0x00000006e5c00000|100%| E|CS|TAMS 0x00000006e5800000, 0x00000006e5800000| Complete 
| 151|0x00000006e5c00000, 0x00000006e6000000, 0x00000006e6000000|100%| E|CS|TAMS 0x00000006e5c00000, 0x00000006e5c00000| Complete 
| 152|0x00000006e6000000, 0x00000006e6400000, 0x00000006e6400000|100%| E|CS|TAMS 0x00000006e6000000, 0x00000006e6000000| Complete 
| 153|0x00000006e6400000, 0x00000006e6800000, 0x00000006e6800000|100%| E|CS|TAMS 0x00000006e6400000, 0x00000006e6400000| Complete 
| 154|0x00000006e6800000, 0x00000006e6c00000, 0x00000006e6c00000|100%| E|CS|TAMS 0x00000006e6800000, 0x00000006e6800000| Complete 
| 155|0x00000006e6c00000, 0x00000006e7000000, 0x00000006e7000000|100%| E|CS|TAMS 0x00000006e6c00000, 0x00000006e6c00000| Complete 
| 156|0x00000006e7000000, 0x00000006e7400000, 0x00000006e7400000|100%| E|CS|TAMS 0x00000006e7000000, 0x00000006e7000000| Complete 
| 157|0x00000006e7400000, 0x00000006e7800000, 0x00000006e7800000|100%| E|CS|TAMS 0x00000006e7400000, 0x00000006e7400000| Complete 
| 158|0x00000006e7800000, 0x00000006e7c00000, 0x00000006e7c00000|100%| E|CS|TAMS 0x00000006e7800000, 0x00000006e7800000| Complete 
| 159|0x00000006e7c00000, 0x00000006e8000000, 0x00000006e8000000|100%| E|CS|TAMS 0x00000006e7c00000, 0x00000006e7c00000| Complete 
| 160|0x00000006e8000000, 0x00000006e8400000, 0x00000006e8400000|100%| E|CS|TAMS 0x00000006e8000000, 0x00000006e8000000| Complete 
| 161|0x00000006e8400000, 0x00000006e8800000, 0x00000006e8800000|100%| E|CS|TAMS 0x00000006e8400000, 0x00000006e8400000| Complete 
| 162|0x00000006e8800000, 0x00000006e8c00000, 0x00000006e8c00000|100%| E|CS|TAMS 0x00000006e8800000, 0x00000006e8800000| Complete 
| 163|0x00000006e8c00000, 0x00000006e9000000, 0x00000006e9000000|100%| E|CS|TAMS 0x00000006e8c00000, 0x00000006e8c00000| Complete 
| 164|0x00000006e9000000, 0x00000006e9400000, 0x00000006e9400000|100%| E|CS|TAMS 0x00000006e9000000, 0x00000006e9000000| Complete 
| 165|0x00000006e9400000, 0x00000006e9800000, 0x00000006e9800000|100%| E|CS|TAMS 0x00000006e9400000, 0x00000006e9400000| Complete 
| 166|0x00000006e9800000, 0x00000006e9c00000, 0x00000006e9c00000|100%| E|CS|TAMS 0x00000006e9800000, 0x00000006e9800000| Complete 
| 167|0x00000006e9c00000, 0x00000006ea000000, 0x00000006ea000000|100%| E|CS|TAMS 0x00000006e9c00000, 0x00000006e9c00000| Complete 
| 168|0x00000006ea000000, 0x00000006ea400000, 0x00000006ea400000|100%| E|CS|TAMS 0x00000006ea000000, 0x00000006ea000000| Complete 
| 169|0x00000006ea400000, 0x00000006ea800000, 0x00000006ea800000|100%| E|CS|TAMS 0x00000006ea400000, 0x00000006ea400000| Complete 
| 170|0x00000006ea800000, 0x00000006eac00000, 0x00000006eac00000|100%| E|CS|TAMS 0x00000006ea800000, 0x00000006ea800000| Complete 
| 171|0x00000006eac00000, 0x00000006eb000000, 0x00000006eb000000|100%| E|CS|TAMS 0x00000006eac00000, 0x00000006eac00000| Complete 
| 172|0x00000006eb000000, 0x00000006eb400000, 0x00000006eb400000|100%| E|CS|TAMS 0x00000006eb000000, 0x00000006eb000000| Complete 
| 173|0x00000006eb400000, 0x00000006eb800000, 0x00000006eb800000|100%| E|CS|TAMS 0x00000006eb400000, 0x00000006eb400000| Complete 
| 174|0x00000006eb800000, 0x00000006ebc00000, 0x00000006ebc00000|100%| E|CS|TAMS 0x00000006eb800000, 0x00000006eb800000| Complete 
| 175|0x00000006ebc00000, 0x00000006ec000000, 0x00000006ec000000|100%| E|CS|TAMS 0x00000006ebc00000, 0x00000006ebc00000| Complete 
| 176|0x00000006ec000000, 0x00000006ec400000, 0x00000006ec400000|100%| E|CS|TAMS 0x00000006ec000000, 0x00000006ec000000| Complete 
| 177|0x00000006ec400000, 0x00000006ec800000, 0x00000006ec800000|100%| E|CS|TAMS 0x00000006ec400000, 0x00000006ec400000| Complete 
| 178|0x00000006ec800000, 0x00000006ecc00000, 0x00000006ecc00000|100%| E|CS|TAMS 0x00000006ec800000, 0x00000006ec800000| Complete 
| 179|0x00000006ecc00000, 0x00000006ed000000, 0x00000006ed000000|100%| E|CS|TAMS 0x00000006ecc00000, 0x00000006ecc00000| Complete 
| 180|0x00000006ed000000, 0x00000006ed400000, 0x00000006ed400000|100%| E|CS|TAMS 0x00000006ed000000, 0x00000006ed000000| Complete 
| 181|0x00000006ed400000, 0x00000006ed800000, 0x00000006ed800000|100%| E|CS|TAMS 0x00000006ed400000, 0x00000006ed400000| Complete 
| 182|0x00000006ed800000, 0x00000006edc00000, 0x00000006edc00000|100%| E|CS|TAMS 0x00000006ed800000, 0x00000006ed800000| Complete 
| 183|0x00000006edc00000, 0x00000006ee000000, 0x00000006ee000000|100%| E|CS|TAMS 0x00000006edc00000, 0x00000006edc00000| Complete 
| 184|0x00000006ee000000, 0x00000006ee400000, 0x00000006ee400000|100%| E|CS|TAMS 0x00000006ee000000, 0x00000006ee000000| Complete 
| 185|0x00000006ee400000, 0x00000006ee800000, 0x00000006ee800000|100%| E|CS|TAMS 0x00000006ee400000, 0x00000006ee400000| Complete 
| 186|0x00000006ee800000, 0x00000006eec00000, 0x00000006eec00000|100%| E|CS|TAMS 0x00000006ee800000, 0x00000006ee800000| Complete 
| 187|0x00000006eec00000, 0x00000006ef000000, 0x00000006ef000000|100%| E|CS|TAMS 0x00000006eec00000, 0x00000006eec00000| Complete 
| 188|0x00000006ef000000, 0x00000006ef400000, 0x00000006ef400000|100%| E|CS|TAMS 0x00000006ef000000, 0x00000006ef000000| Complete 
| 189|0x00000006ef400000, 0x00000006ef800000, 0x00000006ef800000|100%| E|CS|TAMS 0x00000006ef400000, 0x00000006ef400000| Complete 
| 190|0x00000006ef800000, 0x00000006efc00000, 0x00000006efc00000|100%| E|CS|TAMS 0x00000006ef800000, 0x00000006ef800000| Complete 
| 191|0x00000006efc00000, 0x00000006f0000000, 0x00000006f0000000|100%| E|CS|TAMS 0x00000006efc00000, 0x00000006efc00000| Complete 
| 192|0x00000006f0000000, 0x00000006f0400000, 0x00000006f0400000|100%| E|CS|TAMS 0x00000006f0000000, 0x00000006f0000000| Complete 
| 193|0x00000006f0400000, 0x00000006f0800000, 0x00000006f0800000|100%| E|CS|TAMS 0x00000006f0400000, 0x00000006f0400000| Complete 
| 194|0x00000006f0800000, 0x00000006f0c00000, 0x00000006f0c00000|100%| E|CS|TAMS 0x00000006f0800000, 0x00000006f0800000| Complete 
| 195|0x00000006f0c00000, 0x00000006f1000000, 0x00000006f1000000|100%| E|CS|TAMS 0x00000006f0c00000, 0x00000006f0c00000| Complete 
| 196|0x00000006f1000000, 0x00000006f1400000, 0x00000006f1400000|100%| E|CS|TAMS 0x00000006f1000000, 0x00000006f1000000| Complete 
| 197|0x00000006f1400000, 0x00000006f1800000, 0x00000006f1800000|100%| E|CS|TAMS 0x00000006f1400000, 0x00000006f1400000| Complete 
| 198|0x00000006f1800000, 0x00000006f1c00000, 0x00000006f1c00000|100%| E|CS|TAMS 0x00000006f1800000, 0x00000006f1800000| Complete 
| 199|0x00000006f1c00000, 0x00000006f2000000, 0x00000006f2000000|100%| E|CS|TAMS 0x00000006f1c00000, 0x00000006f1c00000| Complete 
| 200|0x00000006f2000000, 0x00000006f2400000, 0x00000006f2400000|100%| E|CS|TAMS 0x00000006f2000000, 0x00000006f2000000| Complete 
| 201|0x00000006f2400000, 0x00000006f2800000, 0x00000006f2800000|100%| E|CS|TAMS 0x00000006f2400000, 0x00000006f2400000| Complete 
| 202|0x00000006f2800000, 0x00000006f2c00000, 0x00000006f2c00000|100%| E|CS|TAMS 0x00000006f2800000, 0x00000006f2800000| Complete 
| 203|0x00000006f2c00000, 0x00000006f3000000, 0x00000006f3000000|100%| E|CS|TAMS 0x00000006f2c00000, 0x00000006f2c00000| Complete 
| 204|0x00000006f3000000, 0x00000006f3400000, 0x00000006f3400000|100%| E|CS|TAMS 0x00000006f3000000, 0x00000006f3000000| Complete 
| 205|0x00000006f3400000, 0x00000006f3800000, 0x00000006f3800000|100%| E|CS|TAMS 0x00000006f3400000, 0x00000006f3400000| Complete 
| 206|0x00000006f3800000, 0x00000006f3c00000, 0x00000006f3c00000|100%| E|CS|TAMS 0x00000006f3800000, 0x00000006f3800000| Complete 
| 207|0x00000006f3c00000, 0x00000006f4000000, 0x00000006f4000000|100%| E|CS|TAMS 0x00000006f3c00000, 0x00000006f3c00000| Complete 
| 208|0x00000006f4000000, 0x00000006f4400000, 0x00000006f4400000|100%| E|CS|TAMS 0x00000006f4000000, 0x00000006f4000000| Complete 
| 209|0x00000006f4400000, 0x00000006f4800000, 0x00000006f4800000|100%| E|CS|TAMS 0x00000006f4400000, 0x00000006f4400000| Complete 
| 210|0x00000006f4800000, 0x00000006f4c00000, 0x00000006f4c00000|100%| E|CS|TAMS 0x00000006f4800000, 0x00000006f4800000| Complete 
| 211|0x00000006f4c00000, 0x00000006f5000000, 0x00000006f5000000|100%| E|CS|TAMS 0x00000006f4c00000, 0x00000006f4c00000| Complete 
| 212|0x00000006f5000000, 0x00000006f5400000, 0x00000006f5400000|100%| E|CS|TAMS 0x00000006f5000000, 0x00000006f5000000| Complete 
| 213|0x00000006f5400000, 0x00000006f5800000, 0x00000006f5800000|100%| E|CS|TAMS 0x00000006f5400000, 0x00000006f5400000| Complete 
| 214|0x00000006f5800000, 0x00000006f5c00000, 0x00000006f5c00000|100%| E|CS|TAMS 0x00000006f5800000, 0x00000006f5800000| Complete 
| 215|0x00000006f5c00000, 0x00000006f6000000, 0x00000006f6000000|100%| E|CS|TAMS 0x00000006f5c00000, 0x00000006f5c00000| Complete 
| 216|0x00000006f6000000, 0x00000006f6400000, 0x00000006f6400000|100%| E|CS|TAMS 0x00000006f6000000, 0x00000006f6000000| Complete 
| 217|0x00000006f6400000, 0x00000006f6800000, 0x00000006f6800000|100%| E|CS|TAMS 0x00000006f6400000, 0x00000006f6400000| Complete 
| 218|0x00000006f6800000, 0x00000006f6c00000, 0x00000006f6c00000|100%| E|CS|TAMS 0x00000006f6800000, 0x00000006f6800000| Complete 
| 219|0x00000006f6c00000, 0x00000006f7000000, 0x00000006f7000000|100%| E|CS|TAMS 0x00000006f6c00000, 0x00000006f6c00000| Complete 
| 220|0x00000006f7000000, 0x00000006f7400000, 0x00000006f7400000|100%| E|CS|TAMS 0x00000006f7000000, 0x00000006f7000000| Complete 
| 221|0x00000006f7400000, 0x00000006f7800000, 0x00000006f7800000|100%| E|CS|TAMS 0x00000006f7400000, 0x00000006f7400000| Complete 
| 222|0x00000006f7800000, 0x00000006f7c00000, 0x00000006f7c00000|100%| E|CS|TAMS 0x00000006f7800000, 0x00000006f7800000| Complete 
| 223|0x00000006f7c00000, 0x00000006f8000000, 0x00000006f8000000|100%| E|CS|TAMS 0x00000006f7c00000, 0x00000006f7c00000| Complete 
| 224|0x00000006f8000000, 0x00000006f8400000, 0x00000006f8400000|100%| E|CS|TAMS 0x00000006f8000000, 0x00000006f8000000| Complete 
| 225|0x00000006f8400000, 0x00000006f8800000, 0x00000006f8800000|100%| E|CS|TAMS 0x00000006f8400000, 0x00000006f8400000| Complete 
| 226|0x00000006f8800000, 0x00000006f8c00000, 0x00000006f8c00000|100%| E|CS|TAMS 0x00000006f8800000, 0x00000006f8800000| Complete 
| 227|0x00000006f8c00000, 0x00000006f9000000, 0x00000006f9000000|100%| E|CS|TAMS 0x00000006f8c00000, 0x00000006f8c00000| Complete 
| 228|0x00000006f9000000, 0x00000006f9400000, 0x00000006f9400000|100%| E|CS|TAMS 0x00000006f9000000, 0x00000006f9000000| Complete 
| 229|0x00000006f9400000, 0x00000006f9800000, 0x00000006f9800000|100%| E|CS|TAMS 0x00000006f9400000, 0x00000006f9400000| Complete 
| 230|0x00000006f9800000, 0x00000006f9c00000, 0x00000006f9c00000|100%| E|CS|TAMS 0x00000006f9800000, 0x00000006f9800000| Complete 
| 231|0x00000006f9c00000, 0x00000006fa000000, 0x00000006fa000000|100%| E|CS|TAMS 0x00000006f9c00000, 0x00000006f9c00000| Complete 
| 232|0x00000006fa000000, 0x00000006fa400000, 0x00000006fa400000|100%| E|CS|TAMS 0x00000006fa000000, 0x00000006fa000000| Complete 
| 233|0x00000006fa400000, 0x00000006fa800000, 0x00000006fa800000|100%| E|CS|TAMS 0x00000006fa400000, 0x00000006fa400000| Complete 
| 234|0x00000006fa800000, 0x00000006fac00000, 0x00000006fac00000|100%| E|CS|TAMS 0x00000006fa800000, 0x00000006fa800000| Complete 
| 235|0x00000006fac00000, 0x00000006fb000000, 0x00000006fb000000|100%| E|CS|TAMS 0x00000006fac00000, 0x00000006fac00000| Complete 
| 236|0x00000006fb000000, 0x00000006fb400000, 0x00000006fb400000|100%| E|CS|TAMS 0x00000006fb000000, 0x00000006fb000000| Complete 
| 237|0x00000006fb400000, 0x00000006fb800000, 0x00000006fb800000|100%| E|CS|TAMS 0x00000006fb400000, 0x00000006fb400000| Complete 
| 238|0x00000006fb800000, 0x00000006fbc00000, 0x00000006fbc00000|100%| E|CS|TAMS 0x00000006fb800000, 0x00000006fb800000| Complete 
| 239|0x00000006fbc00000, 0x00000006fc000000, 0x00000006fc000000|100%| E|CS|TAMS 0x00000006fbc00000, 0x00000006fbc00000| Complete 
| 240|0x00000006fc000000, 0x00000006fc400000, 0x00000006fc400000|100%| E|CS|TAMS 0x00000006fc000000, 0x00000006fc000000| Complete 
| 241|0x00000006fc400000, 0x00000006fc800000, 0x00000006fc800000|100%| E|CS|TAMS 0x00000006fc400000, 0x00000006fc400000| Complete 
| 242|0x00000006fc800000, 0x00000006fcc00000, 0x00000006fcc00000|100%| E|CS|TAMS 0x00000006fc800000, 0x00000006fc800000| Complete 
| 243|0x00000006fcc00000, 0x00000006fd000000, 0x00000006fd000000|100%| E|CS|TAMS 0x00000006fcc00000, 0x00000006fcc00000| Complete 
| 244|0x00000006fd000000, 0x00000006fd400000, 0x00000006fd400000|100%| E|CS|TAMS 0x00000006fd000000, 0x00000006fd000000| Complete 
| 245|0x00000006fd400000, 0x00000006fd800000, 0x00000006fd800000|100%| E|CS|TAMS 0x00000006fd400000, 0x00000006fd400000| Complete 
| 246|0x00000006fd800000, 0x00000006fdc00000, 0x00000006fdc00000|100%| E|CS|TAMS 0x00000006fd800000, 0x00000006fd800000| Complete 
| 247|0x00000006fdc00000, 0x00000006fe000000, 0x00000006fe000000|100%| E|CS|TAMS 0x00000006fdc00000, 0x00000006fdc00000| Complete 
| 248|0x00000006fe000000, 0x00000006fe400000, 0x00000006fe400000|100%| E|CS|TAMS 0x00000006fe000000, 0x00000006fe000000| Complete 
| 249|0x00000006fe400000, 0x00000006fe800000, 0x00000006fe800000|100%| E|CS|TAMS 0x00000006fe400000, 0x00000006fe400000| Complete 
| 250|0x00000006fe800000, 0x00000006fec00000, 0x00000006fec00000|100%| E|CS|TAMS 0x00000006fe800000, 0x00000006fe800000| Complete 
| 251|0x00000006fec00000, 0x00000006ff000000, 0x00000006ff000000|100%| E|CS|TAMS 0x00000006fec00000, 0x00000006fec00000| Complete 
| 252|0x00000006ff000000, 0x00000006ff400000, 0x00000006ff400000|100%| E|CS|TAMS 0x00000006ff000000, 0x00000006ff000000| Complete 
| 253|0x00000006ff400000, 0x00000006ff800000, 0x00000006ff800000|100%| E|CS|TAMS 0x00000006ff400000, 0x00000006ff400000| Complete 
| 254|0x00000006ff800000, 0x00000006ffc00000, 0x00000006ffc00000|100%| E|CS|TAMS 0x00000006ff800000, 0x00000006ff800000| Complete 
| 255|0x00000006ffc00000, 0x0000000700000000, 0x0000000700000000|100%| E|CS|TAMS 0x00000006ffc00000, 0x00000006ffc00000| Complete 
| 256|0x0000000700000000, 0x0000000700400000, 0x0000000700400000|100%| E|CS|TAMS 0x0000000700000000, 0x0000000700000000| Complete 
| 257|0x0000000700400000, 0x0000000700800000, 0x0000000700800000|100%| E|CS|TAMS 0x0000000700400000, 0x0000000700400000| Complete 
| 258|0x0000000700800000, 0x0000000700c00000, 0x0000000700c00000|100%| E|CS|TAMS 0x0000000700800000, 0x0000000700800000| Complete 
| 259|0x0000000700c00000, 0x0000000701000000, 0x0000000701000000|100%| E|CS|TAMS 0x0000000700c00000, 0x0000000700c00000| Complete 
| 260|0x0000000701000000, 0x0000000701400000, 0x0000000701400000|100%| E|CS|TAMS 0x0000000701000000, 0x0000000701000000| Complete 
| 261|0x0000000701400000, 0x0000000701800000, 0x0000000701800000|100%| E|CS|TAMS 0x0000000701400000, 0x0000000701400000| Complete 
| 262|0x0000000701800000, 0x0000000701c00000, 0x0000000701c00000|100%| E|CS|TAMS 0x0000000701800000, 0x0000000701800000| Complete 
| 263|0x0000000701c00000, 0x0000000702000000, 0x0000000702000000|100%| E|CS|TAMS 0x0000000701c00000, 0x0000000701c00000| Complete 
| 264|0x0000000702000000, 0x0000000702400000, 0x0000000702400000|100%| E|CS|TAMS 0x0000000702000000, 0x0000000702000000| Complete 
| 265|0x0000000702400000, 0x0000000702800000, 0x0000000702800000|100%| E|CS|TAMS 0x0000000702400000, 0x0000000702400000| Complete 
| 266|0x0000000702800000, 0x0000000702c00000, 0x0000000702c00000|100%| E|CS|TAMS 0x0000000702800000, 0x0000000702800000| Complete 
| 267|0x0000000702c00000, 0x0000000703000000, 0x0000000703000000|100%| E|CS|TAMS 0x0000000702c00000, 0x0000000702c00000| Complete 
| 268|0x0000000703000000, 0x0000000703400000, 0x0000000703400000|100%| E|CS|TAMS 0x0000000703000000, 0x0000000703000000| Complete 
| 269|0x0000000703400000, 0x0000000703800000, 0x0000000703800000|100%| E|CS|TAMS 0x0000000703400000, 0x0000000703400000| Complete 
| 270|0x0000000703800000, 0x0000000703c00000, 0x0000000703c00000|100%| E|CS|TAMS 0x0000000703800000, 0x0000000703800000| Complete 
| 271|0x0000000703c00000, 0x0000000704000000, 0x0000000704000000|100%| E|CS|TAMS 0x0000000703c00000, 0x0000000703c00000| Complete 
| 272|0x0000000704000000, 0x0000000704400000, 0x0000000704400000|100%| E|CS|TAMS 0x0000000704000000, 0x0000000704000000| Complete 
| 273|0x0000000704400000, 0x0000000704800000, 0x0000000704800000|100%| E|CS|TAMS 0x0000000704400000, 0x0000000704400000| Complete 
| 274|0x0000000704800000, 0x0000000704c00000, 0x0000000704c00000|100%| E|CS|TAMS 0x0000000704800000, 0x0000000704800000| Complete 
| 275|0x0000000704c00000, 0x0000000705000000, 0x0000000705000000|100%| E|CS|TAMS 0x0000000704c00000, 0x0000000704c00000| Complete 
| 276|0x0000000705000000, 0x0000000705400000, 0x0000000705400000|100%| E|CS|TAMS 0x0000000705000000, 0x0000000705000000| Complete 
| 277|0x0000000705400000, 0x0000000705800000, 0x0000000705800000|100%| E|CS|TAMS 0x0000000705400000, 0x0000000705400000| Complete 
| 278|0x0000000705800000, 0x0000000705c00000, 0x0000000705c00000|100%| E|CS|TAMS 0x0000000705800000, 0x0000000705800000| Complete 
| 279|0x0000000705c00000, 0x0000000706000000, 0x0000000706000000|100%| E|CS|TAMS 0x0000000705c00000, 0x0000000705c00000| Complete 
| 280|0x0000000706000000, 0x0000000706400000, 0x0000000706400000|100%| E|CS|TAMS 0x0000000706000000, 0x0000000706000000| Complete 
| 281|0x0000000706400000, 0x0000000706800000, 0x0000000706800000|100%| E|CS|TAMS 0x0000000706400000, 0x0000000706400000| Complete 
| 282|0x0000000706800000, 0x0000000706c00000, 0x0000000706c00000|100%| E|CS|TAMS 0x0000000706800000, 0x0000000706800000| Complete 
| 283|0x0000000706c00000, 0x0000000707000000, 0x0000000707000000|100%| E|CS|TAMS 0x0000000706c00000, 0x0000000706c00000| Complete 
| 284|0x0000000707000000, 0x0000000707400000, 0x0000000707400000|100%| E|CS|TAMS 0x0000000707000000, 0x0000000707000000| Complete 
| 285|0x0000000707400000, 0x0000000707800000, 0x0000000707800000|100%| E|CS|TAMS 0x0000000707400000, 0x0000000707400000| Complete 
| 286|0x0000000707800000, 0x0000000707c00000, 0x0000000707c00000|100%| E|CS|TAMS 0x0000000707800000, 0x0000000707800000| Complete 
| 287|0x0000000707c00000, 0x0000000708000000, 0x0000000708000000|100%| E|CS|TAMS 0x0000000707c00000, 0x0000000707c00000| Complete 
| 288|0x0000000708000000, 0x0000000708400000, 0x0000000708400000|100%| E|CS|TAMS 0x0000000708000000, 0x0000000708000000| Complete 
| 289|0x0000000708400000, 0x0000000708800000, 0x0000000708800000|100%| E|CS|TAMS 0x0000000708400000, 0x0000000708400000| Complete 
| 290|0x0000000708800000, 0x0000000708c00000, 0x0000000708c00000|100%| E|CS|TAMS 0x0000000708800000, 0x0000000708800000| Complete 
| 291|0x0000000708c00000, 0x0000000709000000, 0x0000000709000000|100%| E|CS|TAMS 0x0000000708c00000, 0x0000000708c00000| Complete 
| 292|0x0000000709000000, 0x0000000709400000, 0x0000000709400000|100%| E|CS|TAMS 0x0000000709000000, 0x0000000709000000| Complete 
| 293|0x0000000709400000, 0x0000000709800000, 0x0000000709800000|100%| E|CS|TAMS 0x0000000709400000, 0x0000000709400000| Complete 
| 294|0x0000000709800000, 0x0000000709c00000, 0x0000000709c00000|100%| E|CS|TAMS 0x0000000709800000, 0x0000000709800000| Complete 
| 295|0x0000000709c00000, 0x000000070a000000, 0x000000070a000000|100%| E|CS|TAMS 0x0000000709c00000, 0x0000000709c00000| Complete 
| 296|0x000000070a000000, 0x000000070a400000, 0x000000070a400000|100%| E|CS|TAMS 0x000000070a000000, 0x000000070a000000| Complete 
| 297|0x000000070a400000, 0x000000070a800000, 0x000000070a800000|100%| E|CS|TAMS 0x000000070a400000, 0x000000070a400000| Complete 
| 298|0x000000070a800000, 0x000000070ac00000, 0x000000070ac00000|100%| E|CS|TAMS 0x000000070a800000, 0x000000070a800000| Complete 
| 299|0x000000070ac00000, 0x000000070b000000, 0x000000070b000000|100%| S|CS|TAMS 0x000000070ac00000, 0x000000070ac00000| Complete 
| 300|0x000000070b000000, 0x000000070b400000, 0x000000070b400000|100%| S|CS|TAMS 0x000000070b000000, 0x000000070b000000| Complete 
| 301|0x000000070b400000, 0x000000070b800000, 0x000000070b800000|100%| E|CS|TAMS 0x000000070b400000, 0x000000070b400000| Complete 
| 302|0x000000070b800000, 0x000000070bc00000, 0x000000070bc00000|100%| E|CS|TAMS 0x000000070b800000, 0x000000070b800000| Complete 
|1279|0x00000007ffc00000, 0x0000000800000000, 0x0000000800000000|100%| O|  |TAMS 0x0000000800000000, 0x00000007ffc00000| Untracked 

Card table byte_map: [0x000001bd6a1a0000,0x000001bd6aba0000] _byte_map_base: 0x000001bd66ba0000

Marking Bits (Prev, Next): (CMBitMap*) 0x000001bd511a6500, (CMBitMap*) 0x000001bd511a6540
 Prev Bits: [0x000001bd6b5a0000, 0x000001bd705a0000)
 Next Bits: [0x000001bd705a0000, 0x000001bd755a0000)

Polling page: 0x000001bd51220000

Metaspace:

Usage:
  Non-class:     74.67 MB used.
      Class:     12.17 MB used.
       Both:     86.84 MB used.

Virtual space:
  Non-class space:       80.00 MB reserved,      75.06 MB ( 94%) committed,  10 nodes.
      Class space:        1.00 GB reserved,      12.50 MB (  1%) committed,  1 nodes.
             Both:        1.08 GB reserved,      87.56 MB (  8%) committed. 

Chunk freelists:
   Non-Class:  781.00 KB
       Class:  3.45 MB
        Both:  4.21 MB

MaxMetaspaceSize: unlimited
CompressedClassSpaceSize: 1.00 GB
Initial GC threshold: 21.00 MB
Current GC threshold: 137.00 MB
CDS: on
MetaspaceReclaimPolicy: balanced
 - commit_granule_bytes: 65536.
 - commit_granule_words: 8192.
 - virtual_space_node_default_size: 1048576.
 - enlarge_chunks_in_place: 1.
 - new_chunks_are_fully_committed: 0.
 - uncommit_free_chunks: 1.
 - use_allocation_guard: 0.
 - handle_deallocations: 1.


Internal statistics:

num_allocs_failed_limit: 36.
num_arena_births: 1170.
num_arena_deaths: 0.
num_vsnodes_births: 11.
num_vsnodes_deaths: 0.
num_space_committed: 1396.
num_space_uncommitted: 0.
num_chunks_returned_to_freelist: 36.
num_chunks_taken_from_freelist: 4546.
num_chunk_merges: 33.
num_chunk_splits: 3021.
num_chunks_enlarged: 2255.
num_purges: 0.
num_inconsistent_stats: 0.

CodeHeap 'non-profiled nmethods': size=120000Kb used=9019Kb max_used=9019Kb free=110980Kb
 bounds [0x000001bd61c40000, 0x000001bd62510000, 0x000001bd69170000]
CodeHeap 'profiled nmethods': size=120000Kb used=17926Kb max_used=17926Kb free=102073Kb
 bounds [0x000001bd5a710000, 0x000001bd5b8a0000, 0x000001bd61c40000]
CodeHeap 'non-nmethods': size=5760Kb used=2206Kb max_used=2212Kb free=3553Kb
 bounds [0x000001bd5a170000, 0x000001bd5a3e0000, 0x000001bd5a710000]
 total_blobs=11510 nmethods=9722 adapters=1698
 compilation: enabled
              stopped_count=0, restarted_count=0
 full_count=0

Compilation events (20 events):
Event: 46.850 Thread 0x000001bd77b6f2d0 nmethod 12521 0x000001bd5b888c10 code [0x000001bd5b888e00, 0x000001bd5b889468]
Event: 46.850 Thread 0x000001bd77b6f2d0 12512       3       com.sun.jna.Structure::validateFields (47 bytes)
Event: 46.850 Thread 0x000001bd7df58330 nmethod 12522 0x000001bd6250eb10 code [0x000001bd6250eca0, 0x000001bd6250ed58]
Event: 46.850 Thread 0x000001bd77b6f2d0 nmethod 12512 0x000001bd5b889690 code [0x000001bd5b889880, 0x000001bd5b889ec8]
Event: 46.850 Thread 0x000001bd77b6f2d0 12513   !   3       com.sun.jna.Structure::fieldOrder (55 bytes)
Event: 46.851 Thread 0x000001bd77b6f2d0 nmethod 12513 0x000001bd5b88a090 code [0x000001bd5b88a260, 0x000001bd5b88a848]
Event: 46.851 Thread 0x000001bd77b6f2d0 12514   !   3       java.util.AbstractSet::equals (45 bytes)
Event: 46.851 Thread 0x000001bd77b6f2d0 nmethod 12514 0x000001bd5b88aa10 code [0x000001bd5b88ac00, 0x000001bd5b88b328]
Event: 46.851 Thread 0x000001bd77b6f2d0 12517       3       com.sun.jna.Structure$LayoutInfo::<init> (34 bytes)
Event: 46.852 Thread 0x000001bd77b6f2d0 nmethod 12517 0x000001bd5b88b490 code [0x000001bd5b88b680, 0x000001bd5b88bd18]
Event: 46.852 Thread 0x000001bd77b6f2d0 12523       3       com.sun.jna.Structure::ensureAllocated (6 bytes)
Event: 46.852 Thread 0x000001bd77b6f2d0 nmethod 12523 0x000001bd5b88bf10 code [0x000001bd5b88c0a0, 0x000001bd5b88c1e8]
Event: 46.855 Thread 0x000001bd77b6f2d0 12524       3       net.minecraft.class_3268::method_14411 (43 bytes)
Event: 46.856 Thread 0x000001bd7df58330 12525   !   4       sun.nio.cs.StreamDecoder::readBytes (271 bytes)
Event: 46.858 Thread 0x000001bd77b6f2d0 nmethod 12524 0x000001bd5b88c290 code [0x000001bd5b88c760, 0x000001bd5b88f388]
Event: 46.858 Thread 0x000001bd77b6f2d0 12527       3       net.minecraft.class_809$class_810::method_3504 (29 bytes)
Event: 46.859 Thread 0x000001bd77b6f2d0 nmethod 12527 0x000001bd5b890410 code [0x000001bd5b890680, 0x000001bd5b891138]
Event: 46.859 Thread 0x000001bd77b6f2d0 12528       3       net.minecraft.class_3268::method_14416 (46 bytes)
Event: 46.860 Thread 0x000001bd77b6f2d0 nmethod 12528 0x000001bd5b891590 code [0x000001bd5b891780, 0x000001bd5b891df8]
Event: 46.867 Thread 0x000001bd77b6f2d0 12531       1       com.google.common.collect.SingletonImmutableList::isPartialView (2 bytes)

GC Heap History (20 events):
Event: 21.618 GC heap before
{Heap before GC invocations=18 (full 0):
 garbage-first heap   total 495616K, used 162663K [0x00000006c0000000, 0x0000000800000000)
  region size 4096K, 14 young (57344K), 13 survivors (53248K)
 Metaspace       used 38442K, committed 38848K, reserved 1089536K
  class space    used 4600K, committed 4800K, reserved 1048576K
}
Event: 21.694 GC heap after
{Heap after GC invocations=19 (full 0):
 garbage-first heap   total 495616K, used 166273K [0x00000006c0000000, 0x0000000800000000)
  region size 4096K, 2 young (8192K), 2 survivors (8192K)
 Metaspace       used 38442K, committed 38848K, reserved 1089536K
  class space    used 4600K, committed 4800K, reserved 1048576K
}
Event: 25.385 GC heap before
{Heap before GC invocations=19 (full 0):
 garbage-first heap   total 495616K, used 387457K [0x00000006c0000000, 0x0000000800000000)
  region size 4096K, 56 young (229376K), 2 survivors (8192K)
 Metaspace       used 47572K, committed 48064K, reserved 1097728K
  class space    used 6364K, committed 6592K, reserved 1048576K
}
Event: 25.424 GC heap after
{Heap after GC invocations=20 (full 0):
 garbage-first heap   total 495616K, used 194528K [0x00000006c0000000, 0x0000000800000000)
  region size 4096K, 7 young (28672K), 7 survivors (28672K)
 Metaspace       used 47572K, committed 48064K, reserved 1097728K
  class space    used 6364K, committed 6592K, reserved 1048576K
}
Event: 27.947 GC heap before
{Heap before GC invocations=21 (full 0):
 garbage-first heap   total 495616K, used 378848K [0x00000006c0000000, 0x0000000800000000)
  region size 4096K, 52 young (212992K), 7 survivors (28672K)
 Metaspace       used 53672K, committed 54336K, reserved 1097728K
  class space    used 7522K, committed 7808K, reserved 1048576K
}
Event: 28.000 GC heap after
{Heap after GC invocations=22 (full 0):
 garbage-first heap   total 495616K, used 211998K [0x00000006c0000000, 0x0000000800000000)
  region size 4096K, 4 young (16384K), 4 survivors (16384K)
 Metaspace       used 53672K, committed 54336K, reserved 1097728K
  class space    used 7522K, committed 7808K, reserved 1048576K
}
Event: 28.058 GC heap before
{Heap before GC invocations=22 (full 0):
 garbage-first heap   total 495616K, used 220190K [0x00000006c0000000, 0x0000000800000000)
  region size 4096K, 6 young (24576K), 4 survivors (16384K)
 Metaspace       used 53672K, committed 54336K, reserved 1097728K
  class space    used 7522K, committed 7808K, reserved 1048576K
}
Event: 28.088 GC heap after
{Heap after GC invocations=23 (full 0):
 garbage-first heap   total 1245184K, used 214775K [0x00000006c0000000, 0x0000000800000000)
  region size 4096K, 1 young (4096K), 1 survivors (4096K)
 Metaspace       used 53672K, committed 54336K, reserved 1097728K
  class space    used 7522K, committed 7808K, reserved 1048576K
}
Event: 34.260 GC heap before
{Heap before GC invocations=23 (full 0):
 garbage-first heap   total 1245184K, used 960247K [0x00000006c0000000, 0x0000000800000000)
  region size 4096K, 182 young (745472K), 1 survivors (4096K)
 Metaspace       used 67459K, committed 68096K, reserved 1114112K
  class space    used 9409K, committed 9728K, reserved 1048576K
}
Event: 34.370 GC heap after
{Heap after GC invocations=24 (full 0):
 garbage-first heap   total 1245184K, used 284269K [0x00000006c0000000, 0x0000000800000000)
  region size 4096K, 17 young (69632K), 17 survivors (69632K)
 Metaspace       used 67459K, committed 68096K, reserved 1114112K
  class space    used 9409K, committed 9728K, reserved 1048576K
}
Event: 36.158 GC heap before
{Heap before GC invocations=24 (full 0):
 garbage-first heap   total 1245184K, used 865901K [0x00000006c0000000, 0x0000000800000000)
  region size 4096K, 160 young (655360K), 17 survivors (69632K)
 Metaspace       used 72069K, committed 72768K, reserved 1114112K
  class space    used 10121K, committed 10432K, reserved 1048576K
}
Event: 36.259 GC heap after
{Heap after GC invocations=25 (full 0):
 garbage-first heap   total 1245184K, used 301596K [0x00000006c0000000, 0x0000000800000000)
  region size 4096K, 4 young (16384K), 4 survivors (16384K)
 Metaspace       used 72069K, committed 72768K, reserved 1114112K
  class space    used 10121K, committed 10432K, reserved 1048576K
}
Event: 38.988 GC heap before
{Heap before GC invocations=25 (full 0):
 garbage-first heap   total 1245184K, used 944668K [0x00000006c0000000, 0x0000000800000000)
  region size 4096K, 160 young (655360K), 4 survivors (16384K)
 Metaspace       used 78479K, committed 79232K, reserved 1122304K
  class space    used 11181K, committed 11520K, reserved 1048576K
}
Event: 39.046 GC heap after
{Heap after GC invocations=26 (full 0):
 garbage-first heap   total 1245184K, used 326172K [0x00000006c0000000, 0x0000000800000000)
  region size 4096K, 9 young (36864K), 9 survivors (36864K)
 Metaspace       used 78479K, committed 79232K, reserved 1122304K
  class space    used 11181K, committed 11520K, reserved 1048576K
}
Event: 40.513 GC heap before
{Heap before GC invocations=26 (full 0):
 garbage-first heap   total 1245184K, used 842268K [0x00000006c0000000, 0x0000000800000000)
  region size 4096K, 136 young (557056K), 9 survivors (36864K)
 Metaspace       used 80789K, committed 81536K, reserved 1122304K
  class space    used 11324K, committed 11712K, reserved 1048576K
}
Event: 40.574 GC heap after
{Heap after GC invocations=27 (full 0):
 garbage-first heap   total 1245184K, used 329339K [0x00000006c0000000, 0x0000000800000000)
  region size 4096K, 10 young (40960K), 10 survivors (40960K)
 Metaspace       used 80789K, committed 81536K, reserved 1122304K
  class space    used 11324K, committed 11712K, reserved 1048576K
}
Event: 45.327 GC heap before
{Heap before GC invocations=28 (full 0):
 garbage-first heap   total 1245184K, used 1009275K [0x00000006c0000000, 0x0000000800000000)
  region size 4096K, 175 young (716800K), 10 survivors (40960K)
 Metaspace       used 86984K, committed 87744K, reserved 1130496K
  class space    used 12209K, committed 12544K, reserved 1048576K
}
Event: 45.392 GC heap after
{Heap after GC invocations=29 (full 0):
 garbage-first heap   total 1245184K, used 350123K [0x00000006c0000000, 0x0000000800000000)
  region size 4096K, 13 young (53248K), 13 survivors (53248K)
 Metaspace       used 86984K, committed 87744K, reserved 1130496K
  class space    used 12209K, committed 12544K, reserved 1048576K
}
Event: 45.508 GC heap before
{Heap before GC invocations=29 (full 0):
 garbage-first heap   total 1245184K, used 358315K [0x00000006c0000000, 0x0000000800000000)
  region size 4096K, 15 young (61440K), 13 survivors (53248K)
 Metaspace       used 87224K, committed 88000K, reserved 1130496K
  class space    used 12259K, committed 12608K, reserved 1048576K
}
Event: 45.581 GC heap after
{Heap after GC invocations=30 (full 0):
 garbage-first heap   total 1245184K, used 351888K [0x00000006c0000000, 0x0000000800000000)
  region size 4096K, 2 young (8192K), 2 survivors (8192K)
 Metaspace       used 87224K, committed 88000K, reserved 1130496K
  class space    used 12259K, committed 12608K, reserved 1048576K
}

Deoptimization events (20 events):
Event: 46.746 Thread 0x000001bd7cc249a0 Uncommon trap: trap_request=0xffffff45 fr.pc=0x000001bd62485a60 relative=0x00000000000006a0
Event: 46.746 Thread 0x000001bd7cc249a0 Uncommon trap: reason=unstable_if action=reinterpret pc=0x000001bd62485a60 method=com.google.gson.stream.JsonReader.isLiteral(C)Z @ 1 c2
Event: 46.746 Thread 0x000001bd7cc249a0 DEOPT PACKING pc=0x000001bd62485a60 sp=0x000000bba29fe270
Event: 46.746 Thread 0x000001bd7cc249a0 DEOPT UNPACKING pc=0x000001bd5a1c23a3 sp=0x000000bba29fe160 mode 2
Event: 46.746 Thread 0x000001bd7cc249a0 Uncommon trap: trap_request=0xfffffff4 fr.pc=0x000001bd624d73f0 relative=0x0000000000000130
Event: 46.746 Thread 0x000001bd7cc249a0 Uncommon trap: reason=null_check action=make_not_entrant pc=0x000001bd624d73f0 method=com.google.gson.Gson.getAdapter(Lcom/google/gson/reflect/TypeToken;)Lcom/google/gson/TypeAdapter; @ 20 c2
Event: 46.746 Thread 0x000001bd7cc249a0 DEOPT PACKING pc=0x000001bd624d73f0 sp=0x000000bba29fe1f0
Event: 46.746 Thread 0x000001bd7cc249a0 DEOPT UNPACKING pc=0x000001bd5a1c23a3 sp=0x000000bba29fe150 mode 2
Event: 46.772 Thread 0x000001bd7b400780 DEOPT PACKING pc=0x000001bd5abc4cbd sp=0x000000bba31fdf80
Event: 46.772 Thread 0x000001bd7b400780 DEOPT UNPACKING pc=0x000001bd5a1c2b43 sp=0x000000bba31fd418 mode 0
Event: 46.784 Thread 0x000001bd51151e20 DEOPT PACKING pc=0x000001bd5abf0e86 sp=0x000000bb9f8fda80
Event: 46.784 Thread 0x000001bd51151e20 DEOPT UNPACKING pc=0x000001bd5a1c2b43 sp=0x000000bb9f8fcf48 mode 0
Event: 46.785 Thread 0x000001bd51151e20 Uncommon trap: trap_request=0xffffff45 fr.pc=0x000001bd61e04f84 relative=0x0000000000000564
Event: 46.785 Thread 0x000001bd51151e20 Uncommon trap: reason=unstable_if action=reinterpret pc=0x000001bd61e04f84 method=net.minecraft.class_1011.method_4326(IIIII)V @ 9 c2
Event: 46.785 Thread 0x000001bd51151e20 DEOPT PACKING pc=0x000001bd61e04f84 sp=0x000000bb9f8fda60
Event: 46.785 Thread 0x000001bd51151e20 DEOPT UNPACKING pc=0x000001bd5a1c23a3 sp=0x000000bb9f8fda48 mode 2
Event: 46.843 Thread 0x000001bd51151e20 Uncommon trap: trap_request=0xffffff45 fr.pc=0x000001bd62489a64 relative=0x0000000000000344
Event: 46.843 Thread 0x000001bd51151e20 Uncommon trap: reason=unstable_if action=reinterpret pc=0x000001bd62489a64 method=java.lang.Long.getChars(JI[B)I @ 29 c2
Event: 46.843 Thread 0x000001bd51151e20 DEOPT PACKING pc=0x000001bd62489a64 sp=0x000000bb9f8fd5b0
Event: 46.843 Thread 0x000001bd51151e20 DEOPT UNPACKING pc=0x000001bd5a1c23a3 sp=0x000000bb9f8fd528 mode 2

Classes unloaded (0 events):
No events

Classes redefined (0 events):
No events

Internal exceptions (20 events):
Event: 44.692 Thread 0x000001bd51151e20 Exception <a 'java/lang/NullPointerException'{0x00000006ed954d38}> (0x00000006ed954d38) 
thrown [t:\workspace\open\src\hotspot\share\runtime\sharedRuntime.cpp, line 1156]
Event: 44.693 Thread 0x000001bd51151e20 Implicit null exception at 0x000001bd5acf8c46 to 0x000001bd5acf8f98
Event: 44.693 Thread 0x000001bd51151e20 Exception <a 'java/lang/NullPointerException'{0x00000006ed966fd8}> (0x00000006ed966fd8) 
thrown [t:\workspace\open\src\hotspot\share\runtime\sharedRuntime.cpp, line 628]
Event: 44.728 Thread 0x000001bd51151e20 Exception <a 'java/lang/NoSuchMethodError'{0x00000006ed6c7c60}: 'void java.lang.invoke.DirectMethodHandle$Holder.invokeSpecial(java.lang.Object, java.lang.Object, java.lang.Object, float)'> (0x00000006ed6c7c60) 
thrown [t:\workspace\open\src\hotspot\share\interpreter\linkResolver.cpp, line 766]
Event: 44.769 Thread 0x000001bd51151e20 Exception <a 'java/lang/NoSuchMethodError'{0x00000006ece70bf0}: 'java.lang.Object java.lang.invoke.DirectMethodHandle$Holder.invokeVirtual(java.lang.Object, java.lang.Object, java.lang.Object, java.lang.Object)'> (0x00000006ece70bf0) 
thrown [t:\workspace\open\src\hotspot\share\interpreter\linkResolver.cpp, line 766]
Event: 45.742 Thread 0x000001bd51151e20 Exception <a 'java/lang/NoSuchMethodError'{0x000000070845d0d8}: 'int java.lang.invoke.DirectMethodHandle$Holder.invokeStaticInit(java.lang.Object, java.lang.Object, java.lang.Object, float, java.lang.Object)'> (0x000000070845d0d8) 
thrown [t:\workspace\open\src\hotspot\share\interpreter\linkResolver.cpp, line 766]
Event: 45.757 Thread 0x000001bd51151e20 Exception <a 'sun/nio/fs/WindowsException'{0x00000007084f5180}> (0x00000007084f5180) 
thrown [t:\workspace\open\src\hotspot\share\prims\jni.cpp, line 516]
Event: 46.349 Thread 0x000001bd51151e20 Exception <a 'java/lang/NoSuchMethodError'{0x0000000708172390}: 'void java.lang.invoke.DirectMethodHandle$Holder.invokeSpecial(java.lang.Object, java.lang.Object, java.lang.Object, int, int)'> (0x0000000708172390) 
thrown [t:\workspace\open\src\hotspot\share\interpreter\linkResolver.cpp, line 766]
Event: 46.516 Thread 0x000001bd51151e20 Exception <a 'java/lang/NullPointerException'{0x00000006fb50c630}> (0x00000006fb50c630) 
thrown [t:\workspace\open\src\hotspot\share\runtime\sharedRuntime.cpp, line 1156]
Event: 46.549 Thread 0x000001bd51151e20 Implicit null exception at 0x000001bd6216e724 to 0x000001bd6216eaf4
Event: 46.589 Thread 0x000001bd51151e20 Exception <a 'java/lang/NoSuchMethodError'{0x00000006f957fee0}: 'int java.lang.invoke.DirectMethodHandle$Holder.invokeVirtual(java.lang.Object, java.lang.Object, int)'> (0x00000006f957fee0) 
thrown [t:\workspace\open\src\hotspot\share\interpreter\linkResolver.cpp, line 766]
Event: 46.597 Thread 0x000001bd51151e20 Exception <a 'java/lang/NullPointerException'{0x00000006f95ce208}> (0x00000006f95ce208) 
thrown [t:\workspace\open\src\hotspot\share\runtime\sharedRuntime.cpp, line 1156]
Event: 46.609 Thread 0x000001bd51151e20 Exception <a 'java/lang/IncompatibleClassChangeError'{0x00000006f8835510}: Found class java.lang.Object, but interface was expected> (0x00000006f8835510) 
thrown [t:\workspace\open\src\hotspot\share\interpreter\linkResolver.cpp, line 833]
Event: 46.641 Thread 0x000001bd51151e20 Exception <a 'java/lang/NullPointerException'{0x00000006f7e71040}> (0x00000006f7e71040) 
thrown [t:\workspace\open\src\hotspot\share\runtime\sharedRuntime.cpp, line 1156]
Event: 46.644 Thread 0x000001bd51151e20 Exception <a 'java/lang/NullPointerException'{0x00000006f7e8bf30}> (0x00000006f7e8bf30) 
thrown [t:\workspace\open\src\hotspot\share\runtime\sharedRuntime.cpp, line 1156]
Event: 46.645 Thread 0x000001bd51151e20 Exception <a 'java/lang/NullPointerException'{0x00000006f7e973e8}> (0x00000006f7e973e8) 
thrown [t:\workspace\open\src\hotspot\share\runtime\sharedRuntime.cpp, line 1156]
Event: 46.650 Thread 0x000001bd51151e20 Exception <a 'java/lang/NullPointerException'{0x00000006f7ee8c90}> (0x00000006f7ee8c90) 
thrown [t:\workspace\open\src\hotspot\share\runtime\sharedRuntime.cpp, line 1156]
Event: 46.653 Thread 0x000001bd51151e20 Exception <a 'java/lang/NullPointerException'{0x00000006f7f0ce10}> (0x00000006f7f0ce10) 
thrown [t:\workspace\open\src\hotspot\share\runtime\sharedRuntime.cpp, line 1156]
Event: 46.667 Thread 0x000001bd51151e20 Exception <a 'java/lang/NullPointerException'{0x00000006f693c240}> (0x00000006f693c240) 
thrown [t:\workspace\open\src\hotspot\share\runtime\sharedRuntime.cpp, line 1156]
Event: 46.843 Thread 0x000001bd51151e20 Exception <a 'java/lang/Error'{0x00000006f3c04418}: Invalid memory access> (0x00000006f3c04418) 
thrown [t:\workspace\open\src\hotspot\share\prims\jni.cpp, line 535]

VM Operations (20 events):
Event: 45.176 Executing VM operation: HandshakeAllThreads
Event: 45.222 Executing VM operation: HandshakeAllThreads done
Event: 45.222 Executing VM operation: ICBufferFull
Event: 45.226 Executing VM operation: ICBufferFull done
Event: 45.226 Executing VM operation: ICBufferFull
Event: 45.253 Executing VM operation: ICBufferFull done
Event: 45.253 Executing VM operation: ICBufferFull
Event: 45.258 Executing VM operation: ICBufferFull done
Event: 45.258 Executing VM operation: ICBufferFull
Event: 45.327 Executing VM operation: ICBufferFull done
Event: 45.327 Executing VM operation: G1CollectForAllocation
Event: 45.441 Executing VM operation: G1CollectForAllocation done
Event: 45.445 Executing VM operation: ICBufferFull
Event: 45.508 Executing VM operation: ICBufferFull done
Event: 45.508 Executing VM operation: G1CollectForAllocation
Event: 45.583 Executing VM operation: G1CollectForAllocation done
Event: 46.389 Executing VM operation: ICBufferFull
Event: 46.390 Executing VM operation: ICBufferFull done
Event: 46.586 Executing VM operation: HandshakeAllThreads
Event: 46.586 Executing VM operation: HandshakeAllThreads done

Events (20 events):
Event: 46.013 loading class java/util/concurrent/LinkedBlockingDeque$Node done
Event: 46.494 loading class java/awt/Rectangle
Event: 46.494 loading class java/awt/Shape
Event: 46.494 loading class java/awt/Shape done
Event: 46.494 loading class java/awt/geom/Rectangle2D
Event: 46.494 loading class java/awt/geom/RectangularShape
Event: 46.495 loading class java/awt/geom/RectangularShape done
Event: 46.495 loading class java/awt/geom/Rectangle2D done
Event: 46.495 loading class java/awt/Rectangle done
Event: 46.502 loading class java/util/IdentityHashMap$ValueSpliterator
Event: 46.502 loading class java/util/IdentityHashMap$IdentityHashMapSpliterator
Event: 46.502 loading class java/util/IdentityHashMap$IdentityHashMapSpliterator done
Event: 46.502 loading class java/util/IdentityHashMap$ValueSpliterator done
Event: 46.585 loading class java/util/stream/MatchOps$2MatchSink
Event: 46.585 loading class java/util/stream/MatchOps$2MatchSink done
Event: 46.608 Thread 0x000001bd7b4015f0 Thread added: 0x000001bd7b4015f0
Event: 46.608 Thread 0x000001bd7b402e00 Thread added: 0x000001bd7b402e00
Event: 46.608 Thread 0x000001bd7b400780 Thread added: 0x000001bd7b400780
Event: 46.609 Thread 0x000001bd7b4037a0 Thread added: 0x000001bd7b4037a0
Event: 46.938 loading class java/util/concurrent/ConcurrentLinkedQueue$Itr


Dynamic libraries:
0x00007ff7514b0000 - 0x00007ff7514c0000 	C:\Program Files\Java\jdk-17.0.2\bin\javaw.exe
0x00007ff9bdf90000 - 0x00007ff9be1a4000 	C:\WINDOWS\SYSTEM32\ntdll.dll
0x00007ff9bbe80000 - 0x00007ff9bbf43000 	C:\WINDOWS\System32\KERNEL32.DLL
0x00007ff9bb710000 - 0x00007ff9bbaad000 	C:\WINDOWS\System32\KERNELBASE.dll
0x00007ff9bbc60000 - 0x00007ff9bbd71000 	C:\WINDOWS\System32\ucrtbase.dll
0x00007ff9a0030000 - 0x00007ff9a0048000 	C:\Program Files\Java\jdk-17.0.2\bin\jli.dll
0x00007ff9bcbf0000 - 0x00007ff9bcc9e000 	C:\WINDOWS\System32\ADVAPI32.dll
0x00007ff9bc000000 - 0x00007ff9bc0a7000 	C:\WINDOWS\System32\msvcrt.dll
0x00007ff9bbf50000 - 0x00007ff9bbff4000 	C:\WINDOWS\System32\sechost.dll
0x00007ff9bd240000 - 0x00007ff9bd355000 	C:\WINDOWS\System32\RPCRT4.dll
0x00007ff9bd8b0000 - 0x00007ff9bda5d000 	C:\WINDOWS\System32\USER32.dll
0x00007ff9bb640000 - 0x00007ff9bb666000 	C:\WINDOWS\System32\win32u.dll
0x00007ff9bd030000 - 0x00007ff9bd059000 	C:\WINDOWS\System32\GDI32.dll
0x00007ff9bb3b0000 - 0x00007ff9bb4c2000 	C:\WINDOWS\System32\gdi32full.dll
0x00007ff9bb670000 - 0x00007ff9bb70a000 	C:\WINDOWS\System32\msvcp_win.dll
0x00007ff99c960000 - 0x00007ff99c97a000 	C:\Program Files\Java\jdk-17.0.2\bin\VCRUNTIME140.dll
0x00007ff9ab5f0000 - 0x00007ff9ab87e000 	C:\WINDOWS\WinSxS\amd64_microsoft.windows.common-controls_6595b64144ccf1df_6.0.22621.608_none_a9444ca7c10bb01d\COMCTL32.dll
0x00007ff9b2290000 - 0x00007ff9b229a000 	C:\WINDOWS\SYSTEM32\VERSION.dll
0x00007ff9bd1b0000 - 0x00007ff9bd1e2000 	C:\WINDOWS\System32\IMM32.DLL
0x00007ff9ac780000 - 0x00007ff9ac78c000 	C:\Program Files\Java\jdk-17.0.2\bin\vcruntime140_1.dll
0x00007ff98f720000 - 0x00007ff98f7ad000 	C:\Program Files\Java\jdk-17.0.2\bin\msvcp140.dll
0x00007ff96d3c0000 - 0x00007ff96df81000 	C:\Program Files\Java\jdk-17.0.2\bin\server\jvm.dll
0x00007ff9bcf60000 - 0x00007ff9bcf68000 	C:\WINDOWS\System32\PSAPI.DLL
0x00007ff9b2830000 - 0x00007ff9b2839000 	C:\WINDOWS\SYSTEM32\WSOCK32.dll
0x00007ff9bce40000 - 0x00007ff9bceb1000 	C:\WINDOWS\System32\WS2_32.dll
0x00007ff9b4a50000 - 0x00007ff9b4a84000 	C:\WINDOWS\SYSTEM32\WINMM.dll
0x00007ff9ba410000 - 0x00007ff9ba428000 	C:\WINDOWS\SYSTEM32\kernel.appcore.dll
0x00007ff9a26b0000 - 0x00007ff9a26ba000 	C:\Program Files\Java\jdk-17.0.2\bin\jimage.dll
0x00007ff9b8b80000 - 0x00007ff9b8dae000 	C:\WINDOWS\SYSTEM32\DBGHELP.DLL
0x00007ff9bd360000 - 0x00007ff9bd6ea000 	C:\WINDOWS\System32\combase.dll
0x00007ff9bcb00000 - 0x00007ff9bcbd7000 	C:\WINDOWS\System32\OLEAUT32.dll
0x00007ff9812e0000 - 0x00007ff981312000 	C:\WINDOWS\SYSTEM32\dbgcore.DLL
0x00007ff9bbab0000 - 0x00007ff9bbb2b000 	C:\WINDOWS\System32\bcryptPrimitives.dll
0x00007ff991320000 - 0x00007ff991345000 	C:\Program Files\Java\jdk-17.0.2\bin\java.dll
0x00007ff980d10000 - 0x00007ff980de6000 	C:\Program Files\Java\jdk-17.0.2\bin\jsvml.dll
0x00007ff9bc230000 - 0x00007ff9bca1f000 	C:\WINDOWS\System32\SHELL32.dll
0x00007ff9b93e0000 - 0x00007ff9b9ca8000 	C:\WINDOWS\SYSTEM32\windows.storage.dll
0x00007ff9b92a0000 - 0x00007ff9b93de000 	C:\WINDOWS\SYSTEM32\wintypes.dll
0x00007ff9bd0b0000 - 0x00007ff9bd1a1000 	C:\WINDOWS\System32\SHCORE.dll
0x00007ff9bc1d0000 - 0x00007ff9bc22e000 	C:\WINDOWS\System32\shlwapi.dll
0x00007ff9bb2e0000 - 0x00007ff9bb301000 	C:\WINDOWS\SYSTEM32\profapi.dll
0x00007ff998360000 - 0x00007ff998379000 	C:\Program Files\Java\jdk-17.0.2\bin\net.dll
0x00007ff9b3520000 - 0x00007ff9b364f000 	C:\WINDOWS\SYSTEM32\WINHTTP.dll
0x00007ff9ba870000 - 0x00007ff9ba8d9000 	C:\WINDOWS\system32\mswsock.dll
0x00007ff996dc0000 - 0x00007ff996dd6000 	C:\Program Files\Java\jdk-17.0.2\bin\nio.dll
0x00007ff991300000 - 0x00007ff991318000 	C:\Program Files\Java\jdk-17.0.2\bin\zip.dll
0x00007ff9a1130000 - 0x00007ff9a1139000 	C:\Program Files\Java\jdk-17.0.2\bin\management.dll
0x00007ff9a0890000 - 0x00007ff9a089b000 	C:\Program Files\Java\jdk-17.0.2\bin\management_ext.dll
0x00007ff993160000 - 0x00007ff993177000 	C:\WINDOWS\system32\napinsp.dll
0x00007ff993140000 - 0x00007ff99315b000 	C:\WINDOWS\system32\pnrpnsp.dll
0x00007ff9b9f20000 - 0x00007ff9ba012000 	C:\WINDOWS\SYSTEM32\DNSAPI.dll
0x00007ff9b9ef0000 - 0x00007ff9b9f1d000 	C:\WINDOWS\SYSTEM32\IPHLPAPI.DLL
0x00007ff9bcbe0000 - 0x00007ff9bcbe9000 	C:\WINDOWS\System32\NSI.dll
0x00007ff993120000 - 0x00007ff993131000 	C:\WINDOWS\System32\winrnr.dll
0x00007ff9b2630000 - 0x00007ff9b2645000 	C:\WINDOWS\system32\wshbth.dll
0x00007ff9930f0000 - 0x00007ff993111000 	C:\WINDOWS\system32\nlansp_c.dll
0x00007ff9b0b20000 - 0x00007ff9b0b2a000 	C:\Windows\System32\rasadhlp.dll
0x00007ff9b19a0000 - 0x00007ff9b1a23000 	C:\WINDOWS\System32\fwpuclnt.dll
0x00007ff99c950000 - 0x00007ff99c960000 	C:\Program Files\Java\jdk-17.0.2\bin\verify.dll
0x00007ff9baac0000 - 0x00007ff9baadb000 	C:\WINDOWS\SYSTEM32\CRYPTSP.dll
0x00007ff9ba380000 - 0x00007ff9ba3b5000 	C:\WINDOWS\system32\rsaenh.dll
0x00007ff9ba960000 - 0x00007ff9ba988000 	C:\WINDOWS\SYSTEM32\USERENV.dll
0x00007ff9bad00000 - 0x00007ff9bad28000 	C:\WINDOWS\SYSTEM32\bcrypt.dll
0x00007ff9baae0000 - 0x00007ff9baaec000 	C:\WINDOWS\SYSTEM32\CRYPTBASE.dll
0x00007ff9b36b0000 - 0x00007ff9b36c9000 	C:\WINDOWS\SYSTEM32\dhcpcsvc6.DLL
0x00007ff9b3500000 - 0x00007ff9b351f000 	C:\WINDOWS\SYSTEM32\dhcpcsvc.DLL
0x00007ff98f420000 - 0x00007ff98f465000 	C:\Users\mihai\AppData\Local\Temp\jna-103894900\jna7958529468682564858.dll
0x00007ff9bcca0000 - 0x00007ff9bce3c000 	C:\WINDOWS\System32\Ole32.dll
0x00007ff9bcf70000 - 0x00007ff9bd027000 	C:\WINDOWS\System32\clbcatq.dll
0x00007ff98f3d0000 - 0x00007ff98f420000 	C:\WINDOWS\SYSTEM32\Pdh.dll
0x00007ff98f5e0000 - 0x00007ff98f5f0000 	C:\WINDOWS\System32\perfos.dll
0x00007ff9b7bf0000 - 0x00007ff9b7c00000 	C:\WINDOWS\SYSTEM32\pfclient.dll
0x00007ff98f1b0000 - 0x00007ff98f225000 	C:\MultiMC\instances\1.19.21\natives\windows\x64\org\lwjgl\lwjgl.dll
0x00007ff979c30000 - 0x00007ff979e89000 	C:\MultiMC\instances\1.19.21\natives\windows\x64\org\lwjgl\jemalloc\jemalloc.dll
0x00007ff98f5d0000 - 0x00007ff98f5de000 	C:\Program Files\Java\jdk-17.0.2\bin\sunmscapi.dll
0x00007ff9bb4d0000 - 0x00007ff9bb636000 	C:\WINDOWS\System32\CRYPT32.dll
0x00007ff9baca0000 - 0x00007ff9baccd000 	C:\WINDOWS\SYSTEM32\ncrypt.dll
0x00007ff9bac60000 - 0x00007ff9bac97000 	C:\WINDOWS\SYSTEM32\NTASN1.dll
0x00007ff989e00000 - 0x00007ff989e61000 	C:\MultiMC\instances\1.19.21\natives\windows\x64\org\lwjgl\glfw\glfw.dll
0x00007ff97a5d0000 - 0x00007ff97a75f000 	C:\Program Files\Java\jdk-17.0.2\bin\awt.dll
0x00007ff9b7960000 - 0x00007ff9b79f7000 	C:\WINDOWS\SYSTEM32\apphelp.dll
0x00007ff98eee0000 - 0x00007ff98ef26000 	C:\WINDOWS\SYSTEM32\dinput8.dll
0x00007ff98ee10000 - 0x00007ff98ee21000 	C:\WINDOWS\SYSTEM32\xinput1_4.dll
0x00007ff9bb080000 - 0x00007ff9bb0ce000 	C:\WINDOWS\SYSTEM32\cfgmgr32.dll
0x00007ff9bb040000 - 0x00007ff9bb073000 	C:\WINDOWS\SYSTEM32\DEVOBJ.dll
0x00007ff9aea90000 - 0x00007ff9aec91000 	C:\WINDOWS\SYSTEM32\inputhost.dll
0x00007ff9b7660000 - 0x00007ff9b7793000 	C:\WINDOWS\SYSTEM32\CoreMessaging.dll
0x00007ff9b7c30000 - 0x00007ff9b7c5b000 	C:\WINDOWS\SYSTEM32\dwmapi.dll
0x00007ff9b7a50000 - 0x00007ff9b7afb000 	C:\WINDOWS\system32\uxtheme.dll
0x00007ff9bc0b0000 - 0x00007ff9bc1ce000 	C:\WINDOWS\System32\MSCTF.dll
0x00007ff97db70000 - 0x00007ff97dc70000 	C:\WINDOWS\SYSTEM32\opengl32.dll
0x00007ff988a10000 - 0x00007ff988a3d000 	C:\WINDOWS\SYSTEM32\GLU32.dll
0x00007ff9b81f0000 - 0x00007ff9b8226000 	C:\WINDOWS\SYSTEM32\dxcore.dll
0x00007ff96a890000 - 0x00007ff96d3b3000 	C:\WINDOWS\System32\DriverStore\FileRepository\nv_dispi.inf_amd64_a24f5f4b6b8a2b86\nvoglv64.dll
0x00007ff9bdad0000 - 0x00007ff9bdf4a000 	C:\WINDOWS\System32\SETUPAPI.dll
0x00007ff9b7940000 - 0x00007ff9b7954000 	C:\WINDOWS\SYSTEM32\WTSAPI32.dll
0x00007ff9bb100000 - 0x00007ff9bb112000 	C:\WINDOWS\SYSTEM32\msasn1.dll
0x00007ff9b2250000 - 0x00007ff9b2282000 	C:\WINDOWS\SYSTEM32\cryptnet.dll
0x00007ff9b20f0000 - 0x00007ff9b2248000 	C:\WINDOWS\SYSTEM32\drvstore.dll
0x00007ff9bab70000 - 0x00007ff9babb9000 	C:\WINDOWS\SYSTEM32\wldp.dll
0x00007ff9bbb30000 - 0x00007ff9bbb9b000 	C:\WINDOWS\System32\WINTRUST.dll
0x00007ff9ba430000 - 0x00007ff9ba464000 	C:\WINDOWS\SYSTEM32\ntmarta.dll
0x00007ff990530000 - 0x00007ff9907f7000 	C:\WINDOWS\system32\nvspcap64.dll
0x00007ff9bad30000 - 0x00007ff9bad7d000 	C:\WINDOWS\SYSTEM32\powrprof.dll
0x00007ff9bace0000 - 0x00007ff9bacf3000 	C:\WINDOWS\SYSTEM32\UMPDC.dll
0x00007ff9babf0000 - 0x00007ff9bac56000 	C:\WINDOWS\SYSTEM32\WINSTA.dll
0x00007ff9ae960000 - 0x00007ff9aea8d000 	C:\WINDOWS\SYSTEM32\textinputframework.dll
0x00007ff9889b0000 - 0x00007ff988a0d000 	C:\MultiMC\instances\1.19.21\natives\windows\x64\org\lwjgl\opengl\lwjgl_opengl.dll
0x00007ff97fad0000 - 0x00007ff97fb51000 	C:\MultiMC\instances\1.19.21\natives\windows\x64\org\lwjgl\stb\lwjgl_stb.dll
0x00007ff9b23b0000 - 0x00007ff9b246d000 	C:\WINDOWS\SYSTEM32\mscms.dll
0x00007ff97db10000 - 0x00007ff97db59000 	C:\WINDOWS\SYSTEM32\icm32.dll
0x00007ff977a00000 - 0x00007ff977b97000 	C:\MultiMC\instances\1.19.21\natives\windows\x64\org\lwjgl\openal\OpenAL.dll
0x00007ff9b15b0000 - 0x00007ff9b164d000 	C:\WINDOWS\System32\MMDevApi.dll
0x00007ff9b9cb0000 - 0x00007ff9b9cbe000 	C:\WINDOWS\SYSTEM32\HID.DLL

dbghelp: loaded successfully - version: 4.0.5 - missing functions: none
symbol engine: initialized successfully - sym options: 0x614 - pdb path: .;C:\Program Files\Java\jdk-17.0.2\bin;C:\WINDOWS\SYSTEM32;C:\WINDOWS\WinSxS\amd64_microsoft.windows.common-controls_6595b64144ccf1df_6.0.22621.608_none_a9444ca7c10bb01d;C:\Program Files\Java\jdk-17.0.2\bin\server;C:\Users\mihai\AppData\Local\Temp\jna-103894900;C:\MultiMC\instances\1.19.21\natives\windows\x64\org\lwjgl;C:\MultiMC\instances\1.19.21\natives\windows\x64\org\lwjgl\jemalloc;C:\MultiMC\instances\1.19.21\natives\windows\x64\org\lwjgl\glfw;C:\WINDOWS\System32\DriverStore\FileRepository\nv_dispi.inf_amd64_a24f5f4b6b8a2b86;C:\MultiMC\instances\1.19.21\natives\windows\x64\org\lwjgl\opengl;C:\MultiMC\instances\1.19.21\natives\windows\x64\org\lwjgl\stb;C:\MultiMC\instances\1.19.21\natives\windows\x64\org\lwjgl\openal

VM Arguments:
jvm_args: -XX:HeapDumpPath=MojangTricksIntelDriversForPerformance_javaw.exe_minecraft.exe.heapdump -Xms204m -Xmx5120m -Duser.language=en -Djava.library.path=C:/MultiMC/instances/1.19.21/natives 
java_command: org.multimc.EntryPoint
java_class_path (initial): C:/MultiMC/jars/NewLaunch.jar;C:/MultiMC/libraries/org/lwjgl/lwjgl-glfw/3.3.1/lwjgl-glfw-3.3.1.jar;C:/MultiMC/libraries/org/lwjgl/lwjgl-jemalloc/3.3.1/lwjgl-jemalloc-3.3.1.jar;C:/MultiMC/libraries/org/lwjgl/lwjgl-openal/3.3.1/lwjgl-openal-3.3.1.jar;C:/MultiMC/libraries/org/lwjgl/lwjgl-opengl/3.3.1/lwjgl-opengl-3.3.1.jar;C:/MultiMC/libraries/org/lwjgl/lwjgl-stb/3.3.1/lwjgl-stb-3.3.1.jar;C:/MultiMC/libraries/org/lwjgl/lwjgl-tinyfd/3.3.1/lwjgl-tinyfd-3.3.1.jar;C:/MultiMC/libraries/org/lwjgl/lwjgl/3.3.1/lwjgl-3.3.1.jar;C:/MultiMC/libraries/net/fabricmc/intermediary/1.19.2/intermediary-1.19.2.jar;C:/MultiMC/libraries/com/mojang/logging/1.0.0/logging-1.0.0.jar;C:/MultiMC/libraries/com/mojang/blocklist/1.0.10/blocklist-1.0.10.jar;C:/MultiMC/libraries/com/mojang/patchy/2.2.10/patchy-2.2.10.jar;C:/MultiMC/libraries/com/github/oshi/oshi-core/5.8.5/oshi-core-5.8.5.jar;C:/MultiMC/libraries/net/java/dev/jna/jna/5.10.0/jna-5.10.0.jar;C:/MultiMC/libraries/net/java/dev/jna/jna-platform/5.10.0/jna-platform-5.10.0.jar;C:/MultiMC/libraries/org/slf4j/slf4j-api/1.8.0-beta4/slf4j-api-1.8.0-beta4.jar;C:/MultiMC/libraries/org/apache/logging/log4j/log4j-slf4j18-impl/2.17.0/log4j-slf4j18-impl-2.17.0.jar;C:/MultiMC/libraries/com/ibm/icu/icu4j/70.1/icu4j-70.1.jar;C:/MultiMC/libraries/com/mojang/javabridge/1.2.24/javabridge-1.2.24.jar;C:/MultiMC/libraries/net/sf/jopt-simple/jopt-simple/5.0.4/jopt-simple-5.0.4.jar;C:/MultiMC/libraries/io/netty/netty-common/4.1.77.Final/netty-common-4.1.77.Final.jar;C:/MultiMC/libraries/io/netty/netty-buffer/4.1.77.Final/netty-buffer-4.1.77.Final.jar;C:/MultiMC/libraries/io/netty/netty-codec/4.1.77.Final/netty-codec-4.1.77.Final.jar;C:/MultiMC/libraries/io/netty/netty-handler/4.1.77.Final/netty-handler-4.1.77.Final.jar;C:/MultiMC/libraries/io/netty/netty-resolver/4.1.77.Final/netty-resolver-4.1.77.Final.jar;C:/MultiMC/libraries/io/netty/netty-transport/4.1.77.Final/netty-transport-4.1.77.Final.jar;C:/MultiMC/libraries/io/netty/netty-t
Launcher Type: SUN_STANDARD

[Global flags]
     intx CICompilerCount                          = 3                                         {product} {ergonomic}
     uint ConcGCThreads                            = 1                                         {product} {ergonomic}
     uint G1ConcRefinementThreads                  = 4                                         {product} {ergonomic}
   size_t G1HeapRegionSize                         = 4194304                                   {product} {ergonomic}
    uintx GCDrainStackTargetSize                   = 64                                        {product} {ergonomic}
    ccstr HeapDumpPath                             = MojangTricksIntelDriversForPerformance_javaw.exe_minecraft.exe.heapdump         {manageable} {command line}
   size_t InitialHeapSize                          = 213909504                                 {product} {command line}
   size_t MarkStackSize                            = 4194304                                   {product} {ergonomic}
   size_t MaxHeapSize                              = 5368709120                                {product} {command line}
   size_t MaxNewSize                               = 3221225472                                {product} {ergonomic}
   size_t MinHeapDeltaBytes                        = 4194304                                   {product} {ergonomic}
   size_t MinHeapSize                              = 213909504                                 {product} {command line}
    uintx NonNMethodCodeHeapSize                   = 5832780                                {pd product} {ergonomic}
    uintx NonProfiledCodeHeapSize                  = 122912730                              {pd product} {ergonomic}
    uintx ProfiledCodeHeapSize                     = 122912730                              {pd product} {ergonomic}
    uintx ReservedCodeCacheSize                    = 251658240                              {pd product} {ergonomic}
     bool SegmentedCodeCache                       = true                                      {product} {ergonomic}
   size_t SoftMaxHeapSize                          = 5368709120                             {manageable} {ergonomic}
     bool UseCompressedClassPointers               = true                           {product lp64_product} {ergonomic}
     bool UseCompressedOops                        = true                           {product lp64_product} {ergonomic}
     bool UseG1GC                                  = true                                      {product} {ergonomic}
     bool UseLargePagesIndividualAllocation        = false                                  {pd product} {ergonomic}

Logging:
Log output configuration:
 #0: stdout all=warning uptime,level,tags
 #1: stderr all=off uptime,level,tags

Environment Variables:
PATH=C:\ProgramData\Oracle\Java\javapath;C:\Program Files\Common Files\Oracle\Java\javapath;C:\Windows\system32;C:\Windows;C:\Windows\System32\Wbem;C:\Windows\System32\WindowsPowerShell\v1.0\;C:\Windows\System32\OpenSSH\;C:\Program Files (x86)\QuickTime\QTSystem\;C:\Program Files (x86)\NVIDIA Corporation\PhysX\Common;C:\WINDOWS\system32;C:\WINDOWS;C:\WINDOWS\System32\Wbem;C:\WINDOWS\System32\WindowsPowerShell\v1.0\;C:\WINDOWS\System32\OpenSSH\;C:\Program Files\NVIDIA Corporation\NVIDIA NvDLISR;C:\Program Files\dotnet\;%SystemRoot%\system32;%SystemRoot%;%SystemRoot%\System32\Wbem;%SYSTEMROOT%\System32\WindowsPowerShell\v1.0\;%SYSTEMROOT%\System32\OpenSSH\;C:\Users\mihai\AppData\Local\Programs\Python\Python38\Scripts\;C:\Users\mihai\AppData\Local\Programs\Python\Python38\;C:\Users\mihai\AppData\Local\Microsoft\WindowsApps;C:\Users\mihai\AppData\Local\Programs\Microsoft VS Code\bin;C:\Users\mihai\AppData\Local\GitHubDesktop\bin;
USERNAME=mihai
OS=Windows_NT
PROCESSOR_IDENTIFIER=Intel64 Family 6 Model 60 Stepping 3, GenuineIntel



---------------  S Y S T E M  ---------------

OS:
 Windows 11 , 64 bit Build 22621 (10.0.22621.963)
OS uptime: 0 days 5:44 hours

CPU: total 4 (initial active 4) (2 cores per cpu, 2 threads per core) family 6 model 60 stepping 3 microcode 0x28, cx8, cmov, fxsr, ht, mmx, sse, sse2, sse3, ssse3, sse4.1, sse4.2, popcnt, lzcnt, tsc, tscinvbit, avx, avx2, aes, erms, clmul, bmi1, bmi2, fma, vzeroupper, clflush

Memory: 4k page, system-wide physical 8128M (2713M free)
TotalPageFile size 28128M (AvailPageFile size 18601M)
current process WorkingSet (physical memory assigned to process): 1728M, peak: 1728M
current process commit charge ("private bytes"): 1857M, peak: 1857M

vm_info: Java HotSpot(TM) 64-Bit Server VM (17.0.2+8-LTS-86) for windows-amd64 JRE (17.0.2+8-LTS-86), built on Dec  7 2021 21:51:03 by "mach5one" with MS VC++ 16.8 / 16.9 (VS2019)

END.
